[16-33-36] Logging Init
[16-33-36] Starting Config Controller
[16-33-36] Config Provider started
[16-33-36] Looking for config files at /Config
[16-33-36] Found PickBan.json. Reading values
[16-33-36] {
  "frontend": {
    "scoreEnabled": true,
    "spellsEnabled": true,
    "coachesEnabled": false,
    "blueTeam": {
      "name": "BOOMSLANG",
      "nameTag": "BSG",
      "score": 0,
      "coach": "Haaty",
      "color": "rgb(38,38,38)"
    },
    "redTeam": {
      "name": "STORMTIGER",
      "nameTag": "STT",
      "score": 0,
      "coach": "Daisuke",
      "color": "rgb(242,179,61)"
    },
    "patch": "11.22.1"
  },
  "FileVersion": "1.0"
}
[16-33-36] Config PickBan loaded
[16-33-36] Found Ingame.json. Reading values
[16-33-36] {
  "Inhib": {
    "Position": {
      "X": 0.0,
      "Y": 845.0
    },
    "Size": {
      "X": 306.0,
      "Y": 118.0
    },
    "UseBackgroundImage": true,
    "UseBackgroundVideo": false,
    "Color": "rgba(19,24,63,255)",
    "Font": {
      "Style": "Normal",
      "Name": "News Cycle",
      "Size": "15px",
      "Align": "right",
      "Color": "rgb(255,255,255)"
    },
    "IconSize": 40.0,
    "HideWhenNoneDestroyed": true,
    "UseTeamColors": true,
    "BlueTeam": {
      "Position": {
        "X": 40.0,
        "Y": 20.0
      },
      "LaneOffset": {
        "X": 100.0,
        "Y": 0.0
      },
      "UseTeamColor": true,
      "Color": "rgb(0,0,0)",
      "IconOffset": {
        "X": 10.0,
        "Y": -24.0
      }
    },
    "RedTeam": {
      "Position": {
        "X": 40.0,
        "Y": 80.0
      },
      "LaneOffset": {
        "X": 100.0,
        "Y": 0.0
      },
      "UseTeamColor": true,
      "Color": "rgb(255,255,255)",
      "IconOffset": {
        "X": 10.0,
        "Y": -24.0
      }
    },
    "LaneOrder": [
      "bot",
      "mid",
      "top"
    ]
  },
  "Score": {
    "Position": {
      "X": 960.0,
      "Y": 0.0
    },
    "Size": {
      "X": 1280.0,
      "Y": 110.0
    },
    "TimeFont": {
      "Style": "Bold",
      "Name": "Montserrat",
      "Size": "25px",
      "Align": "center",
      "Color": "rgb(255,255,255)"
    },
    "TimePosition": {
      "X": 0.0,
      "Y": 95.0
    },
    "BlueTeam": {
      "Kills": {
        "Position": {
          "X": -90.0,
          "Y": 7.0
        },
        "Font": {
          "Style": "Bold",
          "Name": "Montserrat",
          "Size": "45px",
          "Align": "right",
          "Color": "rgb(38,38,38)"
        },
        "Icon": {
          "Name": "KillsIcon",
          "Size": {
            "X": 100.0,
            "Y": 100.0
          },
          "Offset": {
            "X": 0.0,
            "Y": 0.0
          }
        }
      },
      "Towers": {
        "Position": {
          "X": -362.0,
          "Y": 20.0
        },
        "Font": {
          "Style": "Bold",
          "Name": "Montserrat",
          "Size": "26px",
          "Align": "right",
          "Color": "rgb(38,38,38)"
        },
        "Icon": {
          "Name": "TowerIcon",
          "Size": {
            "X": 0.0,
            "Y": 0.0
          },
          "Offset": {
            "X": 35.0,
            "Y": 13.0
          }
        }
      },
      "Gold": {
        "Position": {
          "X": -210.0,
          "Y": 20.0
        },
        "Font": {
          "Style": "Bold",
          "Name": "Montserrat",
          "Size": "26px",
          "Align": "right",
          "Color": "rgb(38,38,38)"
        },
        "Icon": {
          "Name": "GoldIcon",
          "Size": {
            "X": 0.0,
            "Y": 0.0
          },
          "Offset": {
            "X": 50.0,
            "Y": 13.0
          }
        }
      },
      "Drakes": {
        "Position": {
          "X": -80.0,
          "Y": 94.0
        },
        "Offset": {
          "X": -18.0,
          "Y": 0.0
        }
      },
      "Name": {
        "UseTag": true,
        "Position": {
          "X": -540.0,
          "Y": 12.0
        },
        "AdaptiveFontSize": true,
        "MaxSize": {
          "X": 100.0,
          "Y": 50.0
        },
        "Font": {
          "Style": "Bold",
          "Name": "Montserrat",
          "Size": "40px",
          "Align": "left",
          "Color": "rgb(38,38,38)"
        }
      },
      "Icon": {
        "Position": {
          "X": -600.0,
          "Y": 33.0
        },
        "Size": {
          "X": 55.0,
          "Y": 55.0
        },
        "UseBackground": false,
        "BackgroundOffset": {
          "X": -10.0,
          "Y": 0.0
        }
      },
      "Score": {
        "Position": {
          "X": -380.0,
          "Y": 70.0
        },
        "NumberFont": {
          "Style": "Normal",
          "Name": "News Cycle",
          "Size": "15px",
          "Align": "right",
          "Color": "rgb(255,255,255)"
        },
        "UseCircleIcons": true,
        "CircleOffset": {
          "X": 25.0,
          "Y": 0.0
        },
        "CircleRadius": 10.0,
        "UseTeamColor": true,
        "StrokeColor": "rgb(255,255,255)",
        "FillColor": "rgb(255,255,255)"
      }
    },
    "RedTeam": {
      "Kills": {
        "Position": {
          "X": 90.0,
          "Y": 5.0
        },
        "Font": {
          "Style": "Bold",
          "Name": "Montserrat",
          "Size": "50px",
          "Align": "left",
          "Color": "rgb(242,176,61)"
        },
        "Icon": {
          "Name": "KillsIcon",
          "Size": {
            "X": 100.0,
            "Y": 100.0
          },
          "Offset": {
            "X": 0.0,
            "Y": 0.0
          }
        }
      },
      "Towers": {
        "Position": {
          "X": 364.0,
          "Y": 20.0
        },
        "Font": {
          "Style": "Bold",
          "Name": "Montserrat",
          "Size": "26px",
          "Align": "left",
          "Color": "rgb(242,176,61)"
        },
        "Icon": {
          "Name": "TowerIcon",
          "Size": {
            "X": 0.0,
            "Y": 0.0
          },
          "Offset": {
            "X": -35.0,
            "Y": 13.0
          }
        }
      },
      "Gold": {
        "Position": {
          "X": 210.0,
          "Y": 20.0
        },
        "Font": {
          "Style": "Bold",
          "Name": "Montserrat",
          "Size": "26px",
          "Align": "left",
          "Color": "rgb(242,176,61)"
        },
        "Icon": {
          "Name": "GoldIcon",
          "Size": {
            "X": 0.0,
            "Y": 0.0
          },
          "Offset": {
            "X": -35.0,
            "Y": 13.0
          }
        }
      },
      "Drakes": {
        "Position": {
          "X": 80.0,
          "Y": 94.0
        },
        "Offset": {
          "X": 18.0,
          "Y": 0.0
        }
      },
      "Name": {
        "UseTag": true,
        "Position": {
          "X": 510.0,
          "Y": 12.0
        },
        "AdaptiveFontSize": true,
        "MaxSize": {
          "X": 100.0,
          "Y": 50.0
        },
        "Font": {
          "Style": "Bold",
          "Name": "Montserrat",
          "Size": "40px",
          "Align": "right",
          "Color": "rgb(242,176,61)"
        }
      },
      "Icon": {
        "Position": {
          "X": 600.0,
          "Y": 33.0
        },
        "Size": {
          "X": 55.0,
          "Y": 55.0
        },
        "UseBackground": false,
        "BackgroundOffset": {
          "X": 10.0,
          "Y": 0.0
        }
      },
      "Score": {
        "Position": {
          "X": 380.0,
          "Y": 70.0
        },
        "NumberFont": {
          "Style": "Normal",
          "Name": "News Cycle",
          "Size": "15px",
          "Align": "left",
          "Color": "rgb(255,255,255)"
        },
        "UseCircleIcons": true,
        "CircleOffset": {
          "X": -25.0,
          "Y": 0.0
        },
        "CircleRadius": 10.0,
        "UseTeamColor": true,
        "StrokeColor": "rgb(255,255,255)",
        "FillColor": "rgb(255,255,255)"
      }
    },
    "Background": {
      "UseImage": true,
      "UseVideo": false,
      "UseAlpha": false,
      "FallbackColor": "rgba(0,0,0,0)"
    },
    "Misc": {
      "Animation": "Simple",
      "ShowCenterIcon": true,
      "CenterIconPosition": {
        "X": 3.0,
        "Y": 33.0
      },
      "CenterIconSize": {
        "X": 0.0,
        "Y": 0.0
      },
      "DrakeIconSize": {
        "X": 20.0,
        "Y": 20.0
      }
    }
  },
  "ObjectiveKill": {
    "ShowTeamIcon": false,
    "SoulPointScoreboardPopUp": {
      "Enabled": false,
      "UseImage": false,
      "UseVideo": false,
      "UseAlpha": true,
      "ForceDisplayDurationForVideo": true,
      "DisplayDuration": 2000.0,
      "AnimationDuration": 1000.0
    },
    "ElderKillScoreboardPopUp": {
      "Enabled": false,
      "UseImage": false,
      "UseVideo": false,
      "UseAlpha": true,
      "ForceDisplayDurationForVideo": true,
      "DisplayDuration": 2000.0,
      "AnimationDuration": 1000.0
    },
    "DragonKillScoreboardPopUp": {
      "Enabled": false,
      "UseImage": false,
      "UseVideo": true,
      "UseAlpha": true,
      "ForceDisplayDurationForVideo": true,
      "DisplayDuration": 2000.0,
      "AnimationDuration": 1000.0
    },
    "BaronKillScoreboardPopUp": {
      "Enabled": false,
      "UseImage": false,
      "UseVideo": true,
      "UseAlpha": true,
      "ForceDisplayDurationForVideo": true,
      "DisplayDuration": 2000.0,
      "AnimationDuration": 1000.0
    },
    "HeraldKillScoreboardPopUp": {
      "Enabled": false,
      "UseImage": false,
      "UseVideo": true,
      "UseAlpha": true,
      "ForceDisplayDurationForVideo": true,
      "DisplayDuration": 2000.0,
      "AnimationDuration": 1000.0
    }
  },
  "ObjectiveSpawn": {
    "BaronSpawnScoreboardPopUp": {
      "Enabled": false,
      "UseImage": false,
      "UseVideo": true,
      "UseAlpha": true,
      "ForceDisplayDurationForVideo": false,
      "DisplayDuration": 2000.0,
      "AnimationDuration": 1000.0
    },
    "DrakeSpawnScoreboardPopUp": {
      "Enabled": false,
      "UseImage": false,
      "UseVideo": false,
      "UseAlpha": true,
      "ForceDisplayDurationForVideo": false,
      "DisplayDuration": 2000.0,
      "AnimationDuration": 1000.0
    },
    "HeraldSpawnScoreboardPopUp": {
      "Enabled": false,
      "UseImage": false,
      "UseVideo": false,
      "UseAlpha": true,
      "ForceDisplayDurationForVideo": false,
      "DisplayDuration": 2000.0,
      "AnimationDuration": 1000.0
    }
  },
  "ItemComplete": {
    "UseCustomVideo": true,
    "ShowItemName": true,
    "ShowOnScoreboard": false,
    "ShowOnChampionIndicator": true,
    "InfoText": {
      "Style": "Bold",
      "Name": "Montserrat",
      "Size": "20px",
      "Align": "center",
      "Color": "rgb(255,255,255)"
    },
    "ItemAnimationStates": [
      {
        "Scale": 0.0,
        "Alpha": 0.0,
        "Position": {
          "X": 0.0,
          "Y": 0.0
        },
        "Mirror": false,
        "Duration": 0.0,
        "Ease": "",
        "Delay": 0.0
      },
      {
        "Scale": 1.0,
        "Alpha": 1.0,
        "Position": {
          "X": 0.0,
          "Y": 0.0
        },
        "Mirror": false,
        "Duration": 400.0,
        "Ease": "Quad.easeIn",
        "Delay": 0.0
      },
      {
        "Scale": 1.1,
        "Alpha": 1.0,
        "Position": {
          "X": 0.0,
          "Y": 0.0
        },
        "Mirror": false,
        "Duration": 3200.0,
        "Ease": "Linear",
        "Delay": 0.0
      },
      {
        "Scale": 2.5,
        "Alpha": 0.0,
        "Position": {
          "X": 0.0,
          "Y": 0.0
        },
        "Mirror": false,
        "Duration": 400.0,
        "Ease": "Quad.easeOut",
        "Delay": 0.0
      }
    ],
    "InfoTextAnimationStates": [
      {
        "Scale": 1.0,
        "Alpha": 0.0,
        "Position": {
          "X": 55.0,
          "Y": 0.0
        },
        "Mirror": true,
        "Duration": 0.0,
        "Ease": "",
        "Delay": 0.0
      },
      {
        "Scale": 1.0,
        "Alpha": 1.0,
        "Position": {
          "X": 55.0,
          "Y": 0.0
        },
        "Mirror": true,
        "Duration": 200.0,
        "Ease": "Quad.easeOut",
        "Delay": 1000.0
      },
      {
        "Scale": 1.0,
        "Alpha": 0.0,
        "Position": {
          "X": 55.0,
          "Y": 0.0
        },
        "Mirror": true,
        "Duration": 200.0,
        "Ease": "Quad.easeIn",
        "Delay": 1800.0
      }
    ],
    "InfoBackgroundAnimationStates": [
      {
        "Scale": 1.0,
        "Alpha": 1.0,
        "Position": {
          "X": 0.0,
          "Y": 80.0
        },
        "Mirror": false,
        "Duration": 0.0,
        "Ease": "",
        "Delay": 0.0
      },
      {
        "Scale": 1.0,
        "Alpha": 1.0,
        "Position": {
          "X": 0.0,
          "Y": 0.0
        },
        "Mirror": false,
        "Duration": 200.0,
        "Ease": "Quad.easeOut",
        "Delay": 800.0
      },
      {
        "Scale": 1.0,
        "Alpha": 1.0,
        "Position": {
          "X": 0.0,
          "Y": -80.0
        },
        "Mirror": false,
        "Duration": 200.0,
        "Ease": "Quad.easeIn",
        "Delay": 2200.0
      }
    ]
  },
  "LevelUp": {
    "UseCustomVideo": false,
    "ShowOnScoreboard": false,
    "ShowOnChampionIndicator": true,
    "LevelFont": {
      "Style": "Bold",
      "Name": "Montserrat",
      "Size": "60px",
      "Align": "center",
      "Color": "rgb(255,255,255)"
    },
    "UseTeamColors": true,
    "OrderColor": "rgb(0,0,255)",
    "ChaosColor": "rgb(255,0,0)",
    "NumberAnimationStates": [
      {
        "Scale": 1.0,
        "Alpha": 1.0,
        "Position": {
          "X": 0.0,
          "Y": 70.0
        },
        "Mirror": true,
        "Duration": 0.0,
        "Ease": "",
        "Delay": 0.0
      },
      {
        "Scale": 1.0,
        "Alpha": 1.0,
        "Position": {
          "X": 0.0,
          "Y": -30.0
        },
        "Mirror": true,
        "Duration": 300.0,
        "Ease": "Quad.easeOut",
        "Delay": 250.0
      },
      {
        "Scale": 1.0,
        "Alpha": 1.0,
        "Position": {
          "X": 0.0,
          "Y": -130.0
        },
        "Mirror": true,
        "Duration": 400.0,
        "Ease": "Quad.easeIn",
        "Delay": 3500.0
      }
    ],
    "BackgroundAnimationStates": [
      {
        "Scale": 1.0,
        "Alpha": 1.0,
        "Position": {
          "X": 0.0,
          "Y": 100.0
        },
        "Mirror": false,
        "Duration": 0.0,
        "Ease": "",
        "Delay": 0.0
      },
      {
        "Scale": 1.0,
        "Alpha": 1.0,
        "Position": {
          "X": 0.0,
          "Y": 0.0
        },
        "Mirror": false,
        "Duration": 300.0,
        "Ease": "Quad.easeOut",
        "Delay": 250.0
      },
      {
        "Scale": 1.0,
        "Alpha": 1.0,
        "Position": {
          "X": -90.0,
          "Y": 0.0
        },
        "Mirror": true,
        "Duration": 400.0,
        "Ease": "Quad.easeIn",
        "Delay": 4000.0
      }
    ]
  },
  "InfoPage": {
    "Position": {
      "X": 0.0,
      "Y": 135.0
    },
    "Title": {
      "Enabled": true,
      "Position": {
        "Gold": {
          "X": 150.0,
          "Y": 15.0
        },
        "XP": {
          "X": 150.0,
          "Y": 15.0
        },
        "CSPM": {
          "X": 150.0,
          "Y": 15.0
        }
      },
      "Font": {
        "Style": "Bold",
        "Name": "Montserrat",
        "Size": "26px",
        "Align": "center",
        "Color": "rgb(0,0,0)"
      }
    },
    "TitleHeight": 45.0,
    "TabConfig": {
      "TabSize": {
        "X": 300.0,
        "Y": 55.0
      },
      "UseTeamColorsText": false,
      "OrderColor": "rgb(255,255,255)",
      "ChaosColor": "rgb(255,255,255)",
      "ChampIcon": {
        "Enabled": true,
        "Position": {
          "Gold": {
            "X": 4.0,
            "Y": 8.0
          },
          "XP": {
            "X": 4.0,
            "Y": 8.0
          },
          "CSPM": {
            "X": 4.0,
            "Y": 8.0
          }
        },
        "Size": {
          "X": 42.0,
          "Y": 42.0
        }
      },
      "Separator": {
        "Enabled": true,
        "Position": {
          "Gold": {
            "X": 0.0,
            "Y": 0.0
          },
          "XP": {
            "X": 0.0,
            "Y": 0.0
          },
          "CSPM": {
            "X": 0.0,
            "Y": 0.0
          }
        },
        "Size": {
          "X": 300.0,
          "Y": 2.0
        }
      },
      "PlayerName": {
        "Enabled": true,
        "Position": {
          "Gold": {
            "X": 54.0,
            "Y": 6.0
          },
          "XP": {
            "X": 54.0,
            "Y": 6.0
          },
          "CSPM": {
            "X": 54.0,
            "Y": 6.0
          }
        },
        "Font": {
          "Style": "Normal",
          "Name": "Montserrat",
          "Size": "15px",
          "Align": "left",
          "Color": "rgb(0,0,0)"
        }
      },
      "MinValue": {
        "Enabled": true,
        "Position": {
          "Gold": {
            "X": 54.0,
            "Y": 22.0
          },
          "XP": {
            "X": 54.0,
            "Y": 22.0
          },
          "CSPM": {
            "X": 54.0,
            "Y": 22.0
          }
        },
        "Font": {
          "Style": "Normal",
          "Name": "Montserrat",
          "Size": "15px",
          "Align": "left",
          "Color": "rgb(0,0,0)"
        }
      },
      "CurrentValue": {
        "Enabled": true,
        "Position": {
          "Gold": {
            "X": 270.0,
            "Y": 15.0
          },
          "XP": {
            "X": 280.0,
            "Y": 15.0
          },
          "CSPM": {
            "X": 280.0,
            "Y": 15.0
          }
        },
        "Font": {
          "Style": "Bold",
          "Name": "Montserrat",
          "Size": "20px",
          "Align": "center",
          "Color": "rgb(0,0,0)"
        }
      },
      "MaxValue": {
        "Enabled": true,
        "Position": {
          "Gold": {
            "X": 230.0,
            "Y": 22.0
          },
          "XP": {
            "X": 260.0,
            "Y": 22.0
          },
          "CSPM": {
            "X": 260.0,
            "Y": 22.0
          }
        },
        "Font": {
          "Style": "Bold",
          "Name": "Montserrat",
          "Size": "15px",
          "Align": "right",
          "Color": "rgb(0,0,0)"
        }
      },
      "ProgressBar": {
        "Enabled": true,
        "Position": {
          "Gold": {
            "X": 52.0,
            "Y": 40.0
          },
          "XP": {
            "X": 52.0,
            "Y": 40.0
          },
          "CSPM": {
            "X": 52.0,
            "Y": 40.0
          }
        },
        "Size": {
          "Gold": {
            "X": 180.0,
            "Y": 10.0
          },
          "XP": {
            "X": 210.0,
            "Y": 10.0
          },
          "CSPM": {
            "X": 210.0,
            "Y": 10.0
          }
        },
        "UseTeamColors": true,
        "DefaultColor": "rgb(255,255,255)",
        "OrderColor": "rgb(222,40,70)",
        "ChaosColor": "rgb(0,151,196)",
        "Animate": true
      }
    },
    "Background": {
      "UseImage": true,
      "UseVideo": false,
      "UseAlpha": false,
      "FallbackColor": "rgb(0, 0, 0)",
      "Size": {
        "X": 300.0,
        "Y": 600.0
      }
    }
  },
  "GoldGraph": {
    "Position": {
      "X": 965.0,
      "Y": 849.0
    },
    "Size": {
      "X": 750.0,
      "Y": 250.0
    },
    "Background": {
      "UseImage": false,
      "UseVideo": false,
      "UseAlpha": false,
      "FallbackColor": "rgba(238,239,228,0)"
    },
    "Title": {
      "Enabled": true,
      "Position": {
        "X": 0.0,
        "Y": 10.0
      },
      "Font": {
        "Style": "Bold",
        "Name": "Montserrat",
        "Size": "22px",
        "Align": "left",
        "Color": "rgb(0,0,0)"
      },
      "Text": "DIFERENÇA DE OURO - PREDICT STUDIO"
    },
    "Graph": {
      "Position": {
        "X": 5.0,
        "Y": 40.0
      },
      "Size": {
        "X": 710.0,
        "Y": 190.0
      },
      "ShowVerticalGrid": false,
      "ShowHorizontalGrid": true,
      "LineTension": 0.05,
      "GridColor": "rgba(255,255,255,0.5)",
      "GridEdgeColor": "rgba(255,255,255, 0.1)",
      "BorderUseTeamColors": true,
      "BorderOrderColor": "rgb(0,0,0)",
      "BorderChaosColor": "rgb(0,0,0)",
      "FillUseTeamColors": true,
      "FillOrderColor": "rgb(0,0,0)",
      "FillChaosColor": "rgb(0,0,0)",
      "InfoFont": {
        "Style": "Bold",
        "Name": "Montserrat",
        "Size": "UNUSED",
        "Align": "UNUSED",
        "Color": "rgb(0,0,0)"
      },
      "TimeStepSize": 30,
      "ShowTimeStepIndicators": true
    }
  },
  "BaronTimer": {
    "Position": {
      "X": 1800.0,
      "Y": 55.0
    },
    "MaskPosition": {
      "X": 1750.0,
      "Y": 20.0
    },
    "MaskSize": {
      "X": 150.0,
      "Y": 70.0
    },
    "Scale": 0.8,
    "Align": "right",
    "ShowGoldDiff": true,
    "ShowTimer": true,
    "ObjectiveIcon": true,
    "Animate": true,
    "IconPosition": {
      "X": 0.0,
      "Y": 0.0
    },
    "GoldPosition": {
      "X": 25.0,
      "Y": -25.0
    },
    "GoldIconPosition": {
      "X": -7.0,
      "Y": -25.0
    },
    "GoldFont": {
      "Style": "Bold",
      "Name": "News Cycle",
      "Size": "22px",
      "Align": "right",
      "Color": "rgb(230,190,138)"
    },
    "TimePosition": {
      "X": 25.0,
      "Y": 0.0
    },
    "TimeIconPosition": {
      "X": -10.0,
      "Y": 0.0
    },
    "TimeFont": {
      "Style": "Bold",
      "Name": "News Cycle",
      "Size": "22px",
      "Align": "right",
      "Color": "rgb(230,190,138)"
    }
  },
  "ElderTimer": {
    "Position": {
      "X": 120.0,
      "Y": 55.0
    },
    "MaskPosition": {
      "X": 50.0,
      "Y": 20.0
    },
    "MaskSize": {
      "X": 150.0,
      "Y": 70.0
    },
    "Scale": 0.8,
    "Align": "left",
    "ShowGoldDiff": true,
    "ShowTimer": true,
    "ObjectiveIcon": true,
    "Animate": true,
    "IconPosition": {
      "X": 40.0,
      "Y": 0.0
    },
    "GoldPosition": {
      "X": 18.0,
      "Y": -25.0
    },
    "GoldIconPosition": {
      "X": 22.0,
      "Y": -25.0
    },
    "GoldFont": {
      "Style": "Bold",
      "Name": "News Cycle",
      "Size": "22px",
      "Align": "left",
      "Color": "rgb(230,190,138)"
    },
    "TimePosition": {
      "X": 18.0,
      "Y": 0.0
    },
    "TimeIconPosition": {
      "X": 20.0,
      "Y": -2.0
    },
    "TimeFont": {
      "Style": "Bold",
      "Name": "News Cycle",
      "Size": "22px",
      "Align": "left",
      "Color": "rgb(230,190,138)"
    }
  },
  "GoogleFonts": [
    "News Cycle",
    "News Cycle:bold",
    "Montserrat:ExtraBold",
    "Roboto:Black",
    "Droid Sans"
  ],
  "FileVersion": "2.2"
}
[16-33-36] Config Ingame loaded
[16-33-36] Found Component.json. Reading values
[16-33-36] {
  "DataDragon": {
    "MinimumGoldCost": 2000,
    "Region": "euw",
    "Locale": "pt_BR",
    "CDN": "https://ddragon.leagueoflegends.com/cdn",
    "Patch": "latest"
  },
  "PickBan": {
    "IsActive": false,
    "UseDelay": false,
    "DelayValue": 300,
    "DefaultBlueColor": "rgb(38,38,38)",
    "DefaultRedColor": "rgb(242,179,61)"
  },
  "Ingame": {
    "IsActive": true,
    "UseLiveEvents": true,
    "DoLevelUp": true,
    "DoItemCompleted": false,
    "SeriesGameCount": 5,
    "Objectives": {
      "DoBaronKill": false,
      "DoDragonKill": false,
      "DoInhibitors": false,
      "DoObjectiveSpawnPopUp": false,
      "DoObjectiveKillPopUp": false
    },
    "Teams": {
      "DoTeamNames": false,
      "DoTeamIcons": false,
      "DoTeamScores": false
    },
    "UseCustomScoreboard": true
  },
  "Replay": {
    "IsActive": true,
    "UseAutoInitUI": true
  },
  "PostGame": {
    "IsActive": false
  },
  "App": {
    "LogLevel": 3,
    "CheckForUpdates": true,
    "UpdateRepositoryUrl": "https://github.com/floh22/LeagueBroadcast",
    "UpdateRepositoryName": "floh22/LeagueBroadcast",
    "LeagueInstall": [
      "C:\\",
      "D:\\",
      "E:\\",
      "F:\\",
      "C:\\Program Files",
      "C:\\Program Files (x86)"
    ],
    "CheckForOffsets": true,
    "OffsetRepository": "https://raw.githubusercontent.com/floh22/LeagueBroadcast/v2/Offsets/",
    "OffsetPrefix": "Offsets-"
  },
  "FileVersion": "1.3"
}
[16-33-36] Config Component loaded
[16-33-36] Loading config watchers
[16-33-36] Watching PickBan.json for changes
[16-33-36] Watching Component.json for changes
[16-33-36] Watching Ingame.json for changes
[16-33-36] Log Level set to Verbose
[16-33-36] League Broadcast Version 1.4.97
[16-33-37] [Update] Checking for Updates
[16-33-37] [Update] Latest release version v1.4.97 vs. current version 1.4.97
[16-33-37] [Update] Local version up to date
[16-33-37] Using current Version
[16-33-37] Early Init Complete in 1812,753ms
[16-33-37] DataDragon Provider Init
[16-33-37] Getting latest versions from dataDragon
[16-33-37] Retrieving latest patch info
[16-33-37] Downloading https://ddragon.leagueoflegends.com/realms/euw.json
[16-33-38] https://ddragon.leagueoflegends.com/realms/euw.json downloaded
[16-33-39] Champion: 11.22.1, Item: 11.22.1, CDN: https://ddragon.leagueoflegends.com/cdn
[16-33-39] Downloading https://ddragon.leagueoflegends.com/cdn/11.22.1/data/pt_BR/champion.json
[16-33-39] https://ddragon.leagueoflegends.com/cdn/11.22.1/data/pt_BR/champion.json downloaded
[16-33-39] Loaded 157 champions
[16-33-39] Downloading https://ddragon.leagueoflegends.com/cdn/11.22.1/data/pt_BR/summoner.json
[16-33-39] https://ddragon.leagueoflegends.com/cdn/11.22.1/data/pt_BR/summoner.json downloaded
[16-33-39] Loaded 15 summoner spells
[16-33-39] Downloading https://ddragon.leagueoflegends.com/cdn/11.22.1/data/pt_BR/item.json
[16-33-39] https://ddragon.leagueoflegends.com/cdn/11.22.1/data/pt_BR/item.json downloaded
[16-33-40] Detected 199 items
[16-33-40] Loaded 94 full items
[16-33-40] Checking Local Cache
[16-33-40] Cache D:\DESKTOP\Dev - Predict\CBRLOL - PredictStudio/Cache/11.22.1 exists already
[16-33-40] DDragon loaded
[16-33-40] Loading PickBan Controller
[16-33-40] Loading Ingame Controller
[16-33-40] Checking League install for LiveEventsAPI
[16-33-40] Found League install location
[16-33-40] LiveEvents API found in Game config
[16-33-40] Replay API found in Game config
[16-33-40] Verifying LiveEvents list
[16-33-40] Loading Replay Controller
[16-33-40] Loading Farsight
[16-33-40] Farsight loaded. Found 157 Champ names
[16-33-40] Loading Frontend Webserver (HTTP/WS)
[16-33-40] Server file system starting
[16-33-40] WebServer New State - Loading
[16-33-40] WebServer New State - Listening
[16-33-40] WebServer running on http://*:9001/
[16-33-40] Whats that ticking noise?
[16-33-40] Init Complete in 3.121s
[16-33-40] Opening main window
[16-33-40] Team BOOMSLANG loaded
[16-33-40] Team STORMTIGER loaded
[16-33-40] Connection State Changed
[16-33-41] Loading State Controller
[16-33-41] Connecting to League Client
[16-33-41] Ingame Enabled
[16-33-41] Using direct PickBan
[16-33-41] Starting LeagueBroadcast with tickrate of 2tps
[16-33-41] Checking for running Game
[16-33-41] Post Init Complete in 709,002ms
[16-33-41] Total Startup time: 5.644s
[16-33-42] Connection State Changed
[16-33-42] Connected to League Client in 480 ms
[16-33-42] Local Client Version 11.22.1
[16-33-42] Loading offsets for current patch
[16-33-42] Found Farsight.json. Reading values
[16-33-42] {
  "GameVersion": "11.22.1",
  "GameOffsets": {
    "Manager": "0x187015c",
    "MapCount": "0x2c",
    "MapRoot": "0x28",
    "MapNodeNetId": "0x10",
    "MapNodeObject": "0x14"
  },
  "ObjectOffsets": {
    "ID": "0x20",
    "NetworkID": "0xcc",
    "Team": "0x4c",
    "Pos": "0xf0",
    "Mana": "0x2b4",
    "MaxMana": "0x2c4",
    "Health": "0xdb4",
    "MaxHealth": "0xdc4",
    "CurrentGold": "0x1b98",
    "GoldTotal": "0x1ba8",
    "EXP": "0x338c",
    "Name": "0x2be4",
    "ItemList": "0x0",
    "SpellBook": "0x0",
    "ItemListItem": "0x0",
    "ItemInfo": "0x0",
    "ItemInfoId": "0x0"
  },
  "FileVersion": "1.0"
}
[16-33-42] Config Farsight loaded
[16-33-42] Watching Farsight.json for changes
[16-33-42] Using offsets 11.22.1
[16-35-16] Target process (League of Legends) detected.
[16-35-16] Init Game State
[16-35-16] Game State reset
[16-35-16] Attached to League Process
[16-35-16] Connection State Changed
[16-35-17] game reponse invalid and discarded
[16-35-17] game reponse invalid and discarded
[16-35-18] game reponse invalid and discarded
[16-35-18] game reponse invalid and discarded
[16-35-19] game reponse invalid and discarded
[16-35-19] game reponse invalid and discarded
[16-35-20] game reponse invalid and discarded
[16-35-20] game reponse invalid and discarded
[16-35-21] game reponse invalid and discarded
[16-35-21] game reponse invalid and discarded
[16-35-22] game reponse invalid and discarded
[16-35-22] game reponse invalid and discarded
[16-35-23] game reponse invalid and discarded
[16-35-23] game reponse invalid and discarded
[16-35-24] game reponse invalid and discarded
[16-35-24] game reponse invalid and discarded
[16-35-25] game reponse invalid and discarded
[16-35-25] game reponse invalid and discarded
[16-35-26] game reponse invalid and discarded
[16-35-26] game reponse invalid and discarded
[16-35-27] game reponse invalid and discarded
[16-35-27] game reponse invalid and discarded
[16-35-28] game reponse invalid and discarded
[16-35-28] game reponse invalid and discarded
[16-35-29] game reponse invalid and discarded
[16-35-29] game reponse invalid and discarded
[16-35-30] game reponse invalid and discarded
[16-35-30] game reponse invalid and discarded
[16-35-31] game reponse invalid and discarded
[16-35-31] game reponse invalid and discarded
[16-35-32] game reponse invalid and discarded
[16-35-32] game reponse invalid and discarded
[16-35-33] game reponse invalid and discarded
[16-35-33] game reponse invalid and discarded
[16-35-34] game reponse invalid and discarded
[16-35-34] game reponse invalid and discarded
[16-35-35] game reponse invalid and discarded
[16-35-35] game reponse invalid and discarded
[16-35-36] game reponse invalid and discarded
[16-35-36] game reponse invalid and discarded
[16-35-37] Checking spectate endpoint to determine game type
[16-35-37] Found spectate game
[16-35-37] Game Loaded
[16-35-37] Tick: 0. Update duration: 0
[16-35-37] Game Paused
[16-35-37] LiveEventAPI Connected
[16-35-37] Tick: 0. Update duration: 0
[16-35-38] Init UI
[16-35-38] Tick: 0. Update duration: 0
[16-35-38] Sending game start key inputs
[16-35-38] Disabling ingame score display
[16-35-38] Tick: 0. Update duration: 0
[16-35-39] Tick: 0. Update duration: 0
[16-35-39] Tick: 0. Update duration: 0
[16-35-40] game reponse invalid and discarded
[16-35-40] game reponse invalid and discarded
[16-35-41] Tick: 0,10000000149011612. Update duration: 0,10000000149011612
[16-35-41] Game Resumed
[16-35-41] Kaisa Gold: 500/0, Exp:0/1
[16-35-41] Sylas Gold: 500/0, Exp:0/1
[16-35-41] Renekton Gold: 500/0, Exp:0/1
[16-35-41] Thresh Gold: 500/0, Exp:0/1
[16-35-41] Ekko Gold: 500/0, Exp:0/1
[16-35-41] Nautilus Gold: 500/0, Exp:0/1
[16-35-41] Graves Gold: 500/0, Exp:0/1
[16-35-41] Caitlyn Gold: 500/0, Exp:0/1
[16-35-41] Lucian Gold: 500/0, Exp:0/1
[16-35-41] Akali Gold: 500/0, Exp:0/1
[16-35-41] Init Team data
[16-35-41] Tick: 0,10000000149011612. Update duration: 0
[16-35-41] Game Paused
[16-35-42] Tick: 0,10000000149011612. Update duration: 0
[16-35-42] Tick: 0,10000000149011612. Update duration: 0
[16-35-43] Tick: 0,10000000149011612. Update duration: 0
[16-35-43] Tick: 0,10000000149011612. Update duration: 0
[16-35-44] Tick: 0,10000000149011612. Update duration: 0
[16-35-44] Tick: 0,10000000149011612. Update duration: 0
[16-35-45] Tick: 0,10000000149011612. Update duration: 0
[16-35-45] Tick: 0,10000000149011612. Update duration: 0
[16-35-46] Tick: 0,10000000149011612. Update duration: 0
[16-35-46] Tick: 0,10000000149011612. Update duration: 0
[16-35-47] Tick: 0,10000000149011612. Update duration: 0
[16-35-47] Tick: 0,10000000149011612. Update duration: 0
[16-35-48] Tick: 0,10000000149011612. Update duration: 0
[16-35-48] Tick: 0,10000000149011612. Update duration: 0
[16-35-49] Tick: 0,10000000149011612. Update duration: 0
[16-35-49] game reponse invalid and discarded
[16-35-50] game reponse invalid and discarded
[16-35-50] game reponse invalid and discarded
[16-35-51] game reponse invalid and discarded
[16-35-51] game reponse invalid and discarded
[16-35-52] game reponse invalid and discarded
[16-35-52] game reponse invalid and discarded
[16-35-53] game reponse invalid and discarded
[16-35-53] game reponse invalid and discarded
[16-35-54] game reponse invalid and discarded
[16-35-54] game reponse invalid and discarded
[16-35-55] game reponse invalid and discarded
[16-35-55] game reponse invalid and discarded
[16-35-56] game reponse invalid and discarded
[16-35-56] game reponse invalid and discarded
[16-35-57] game reponse invalid and discarded
[16-35-57] game reponse invalid and discarded
[16-35-58] game reponse invalid and discarded
[16-35-58] game reponse invalid and discarded
[16-35-59] game reponse invalid and discarded
[16-35-59] game reponse invalid and discarded
[16-36-00] game reponse invalid and discarded
[16-36-00] game reponse invalid and discarded
[16-36-01] game reponse invalid and discarded
[16-36-01] game reponse invalid and discarded
[16-36-02] game reponse invalid and discarded
[16-36-02] game reponse invalid and discarded
[16-36-03] game reponse invalid and discarded
[16-36-03] game reponse invalid and discarded
[16-36-04] game reponse invalid and discarded
[16-36-04] game reponse invalid and discarded
[16-36-05] game reponse invalid and discarded
[16-36-05] game reponse invalid and discarded
[16-36-06] game reponse invalid and discarded
[16-36-06] game reponse invalid and discarded
[16-36-07] game reponse invalid and discarded
[16-36-07] game reponse invalid and discarded
[16-36-08] game reponse invalid and discarded
[16-36-08] game reponse invalid and discarded
[16-36-09] game reponse invalid and discarded
[16-36-09] game reponse invalid and discarded
[16-36-10] game reponse invalid and discarded
[16-36-10] game reponse invalid and discarded
[16-36-11] game reponse invalid and discarded
[16-36-11] game reponse invalid and discarded
[16-36-12] game reponse invalid and discarded
[16-36-12] game reponse invalid and discarded
[16-36-13] game reponse invalid and discarded
[16-36-13] game reponse invalid and discarded
[16-36-14] game reponse invalid and discarded
[16-36-14] game reponse invalid and discarded
[16-36-15] game reponse invalid and discarded
[16-36-15] game reponse invalid and discarded
[16-36-16] game reponse invalid and discarded
[16-36-16] game reponse invalid and discarded
[16-36-17] game reponse invalid and discarded
[16-36-17] game reponse invalid and discarded
[16-36-18] game reponse invalid and discarded
[16-36-18] game reponse invalid and discarded
[16-36-19] game reponse invalid and discarded
[16-36-19] game reponse invalid and discarded
[16-36-20] game reponse invalid and discarded
[16-36-20] game reponse invalid and discarded
[16-36-21] game reponse invalid and discarded
[16-36-21] game reponse invalid and discarded
[16-36-22] game reponse invalid and discarded
[16-36-22] game reponse invalid and discarded
[16-36-23] game reponse invalid and discarded
[16-36-23] game reponse invalid and discarded
[16-36-24] game reponse invalid and discarded
[16-36-24] game reponse invalid and discarded
[16-36-25] game reponse invalid and discarded
[16-36-25] game reponse invalid and discarded
[16-36-26] game reponse invalid and discarded
[16-36-26] game reponse invalid and discarded
[16-36-27] game reponse invalid and discarded
[16-36-27] game reponse invalid and discarded
[16-36-28] game reponse invalid and discarded
[16-36-28] game reponse invalid and discarded
[16-36-29] game reponse invalid and discarded
[16-36-29] game reponse invalid and discarded
[16-36-30] game reponse invalid and discarded
[16-36-30] game reponse invalid and discarded
[16-36-31] game reponse invalid and discarded
[16-36-31] game reponse invalid and discarded
[16-36-32] game reponse invalid and discarded
[16-36-32] game reponse invalid and discarded
[16-36-33] game reponse invalid and discarded
[16-36-33] game reponse invalid and discarded
[16-36-34] game reponse invalid and discarded
[16-36-34] game reponse invalid and discarded
[16-36-35] game reponse invalid and discarded
[16-36-35] game reponse invalid and discarded
[16-36-36] game reponse invalid and discarded
[16-36-36] game reponse invalid and discarded
[16-36-37] game reponse invalid and discarded
[16-36-37] game reponse invalid and discarded
[16-36-38] game reponse invalid and discarded
[16-36-38] game reponse invalid and discarded
[16-36-39] game reponse invalid and discarded
[16-36-39] game reponse invalid and discarded
[16-36-40] game reponse invalid and discarded
[16-36-40] game reponse invalid and discarded
[16-36-41] game reponse invalid and discarded
[16-36-41] game reponse invalid and discarded
[16-36-42] game reponse invalid and discarded
[16-36-42] game reponse invalid and discarded
[16-36-43] game reponse invalid and discarded
[16-36-43] game reponse invalid and discarded
[16-36-44] game reponse invalid and discarded
[16-36-44] game reponse invalid and discarded
[16-36-45] game reponse invalid and discarded
[16-36-45] game reponse invalid and discarded
[16-36-46] game reponse invalid and discarded
[16-36-46] game reponse invalid and discarded
[16-36-47] game reponse invalid and discarded
[16-36-47] game reponse invalid and discarded
[16-36-48] game reponse invalid and discarded
[16-36-48] game reponse invalid and discarded
[16-36-49] game reponse invalid and discarded
[16-36-49] game reponse invalid and discarded
[16-36-50] game reponse invalid and discarded
[16-36-50] game reponse invalid and discarded
[16-36-51] game reponse invalid and discarded
[16-36-51] game reponse invalid and discarded
[16-36-52] game reponse invalid and discarded
[16-36-52] game reponse invalid and discarded
[16-36-53] game reponse invalid and discarded
[16-36-53] game reponse invalid and discarded
[16-36-54] game reponse invalid and discarded
[16-36-54] game reponse invalid and discarded
[16-36-55] game reponse invalid and discarded
[16-36-55] game reponse invalid and discarded
[16-36-56] game reponse invalid and discarded
