[11-22-04] Logging Init
[11-22-04] Starting Config Controller
[11-22-04] Config Provider started
[11-22-04] Looking for config files at /Config
[11-22-04] Found PickBan.json. Reading values
[11-22-04] {
  "frontend": {
    "scoreEnabled": true,
    "spellsEnabled": true,
    "coachesEnabled": false,
    "blueTeam": {
      "name": "STORMTIGER",
      "nameTag": "STT",
      "score": 0,
      "coach": "Daisuke",
      "color": "rgb(0,235,226)"
    },
    "redTeam": {
      "name": "BOOMSLANG",
      "nameTag": "BSG",
      "score": 0,
      "coach": "Haaty",
      "color": "rgb(255,89,0)"
    },
    "patch": "11.19.1"
  },
  "FileVersion": "1.0"
}
[11-22-04] Config PickBan loaded
[11-22-04] Found Ingame.json. Reading values
[11-22-04] {
  "Inhib": {
    "Position": {
      "X": 0.0,
      "Y": 845.0
    },
    "Size": {
      "X": 306.0,
      "Y": 118.0
    },
    "UseBackgroundImage": false,
    "UseBackgroundVideo": false,
    "Color": "rgba(19,24,63,255)",
    "Font": {
      "Style": "Normal",
      "Name": "News Cycle",
      "Size": "15px",
      "Align": "right",
      "Color": "rgb(255,255,255)"
    },
    "IconSize": 40.0,
    "HideWhenNoneDestroyed": true,
    "UseTeamColors": true,
    "BlueTeam": {
      "Position": {
        "X": 40.0,
        "Y": 20.0
      },
      "LaneOffset": {
        "X": 100.0,
        "Y": 0.0
      },
      "UseTeamColor": true,
      "Color": "rgb(0,0,0)",
      "IconOffset": {
        "X": 10.0,
        "Y": -24.0
      }
    },
    "RedTeam": {
      "Position": {
        "X": 40.0,
        "Y": 80.0
      },
      "LaneOffset": {
        "X": 100.0,
        "Y": 0.0
      },
      "UseTeamColor": true,
      "Color": "rgb(255,255,255)",
      "IconOffset": {
        "X": 10.0,
        "Y": -24.0
      }
    },
    "LaneOrder": [
      "bot",
      "mid",
      "top"
    ]
  },
  "Score": {
    "Position": {
      "X": 960.0,
      "Y": 0.0
    },
    "Size": {
      "X": 800.0,
      "Y": 92.0
    },
    "TimeFont": {
      "Style": "Bold",
      "Name": "Montserrat",
      "Size": "22px",
      "Align": "center",
      "Color": "rgb(255,255,255)"
    },
    "TimePosition": {
      "X": 0.0,
      "Y": 70.0
    },
    "BlueTeam": {
      "Kills": {
        "Position": {
          "X": -40.0,
          "Y": 6.0
        },
        "Font": {
          "Style": "Normal",
          "Name": "News Cycle",
          "Size": "50px",
          "Align": "right",
          "Color": "rgb(255,255,255)"
        },
        "Icon": {
          "Name": "KillsIcon",
          "Size": {
            "X": 100.0,
            "Y": 100.0
          },
          "Offset": {
            "X": 0.0,
            "Y": 0.0
          }
        }
      },
      "Towers": {
        "Position": {
          "X": -270.0,
          "Y": 20.0
        },
        "Font": {
          "Style": "Normal",
          "Name": "News Cycle",
          "Size": "26px",
          "Align": "right",
          "Color": "rgb(0,235,226)"
        },
        "Icon": {
          "Name": "TowerIcon",
          "Size": {
            "X": 25.0,
            "Y": 30.0
          },
          "Offset": {
            "X": 15.0,
            "Y": 13.0
          }
        }
      },
      "Gold": {
        "Position": {
          "X": -150.0,
          "Y": 20.0
        },
        "Font": {
          "Style": "Normal",
          "Name": "News Cycle",
          "Size": "26px",
          "Align": "right",
          "Color": "rgb(0,235,226)"
        },
        "Icon": {
          "Name": "GoldIcon",
          "Size": {
            "X": 40.0,
            "Y": 30.0
          },
          "Offset": {
            "X": 25.0,
            "Y": 10.0
          }
        }
      },
      "Drakes": {
        "Position": {
          "X": -55.0,
          "Y": 71.0
        },
        "Offset": {
          "X": -12.0,
          "Y": 0.0
        }
      },
      "Name": {
        "UseTag": true,
        "Position": {
          "X": -390.0,
          "Y": 6.0
        },
        "AdaptiveFontSize": true,
        "MaxSize": {
          "X": 100.0,
          "Y": 50.0
        },
        "Font": {
          "Style": "Normal",
          "Name": "News Cycle",
          "Size": "40px",
          "Align": "left",
          "Color": "rgb(255,255,255)"
        }
      },
      "Icon": {
        "Position": {
          "X": -430.0,
          "Y": 30.0
        },
        "Size": {
          "X": 60.0,
          "Y": 60.0
        },
        "UseBackground": true,
        "BackgroundOffset": {
          "X": -10.0,
          "Y": 0.0
        }
      },
      "Score": {
        "Position": {
          "X": -380.0,
          "Y": 70.0
        },
        "NumberFont": {
          "Style": "Normal",
          "Name": "News Cycle",
          "Size": "15px",
          "Align": "right",
          "Color": "rgb(255,255,255)"
        },
        "UseCircleIcons": true,
        "CircleOffset": {
          "X": 25.0,
          "Y": 0.0
        },
        "CircleRadius": 10.0,
        "UseTeamColor": true,
        "StrokeColor": "rgb(255,255,255)",
        "FillColor": "rgb(255,255,255)"
      }
    },
    "RedTeam": {
      "Kills": {
        "Position": {
          "X": 40.0,
          "Y": 6.0
        },
        "Font": {
          "Style": "Bold",
          "Name": "Montserrat",
          "Size": "50px",
          "Align": "left",
          "Color": "rgb(255,255,255)"
        },
        "Icon": {
          "Name": "KillsIcon",
          "Size": {
            "X": 100.0,
            "Y": 100.0
          },
          "Offset": {
            "X": 0.0,
            "Y": 0.0
          }
        }
      },
      "Towers": {
        "Position": {
          "X": 270.0,
          "Y": 20.0
        },
        "Font": {
          "Style": "Bold",
          "Name": "Montserrat",
          "Size": "26px",
          "Align": "left",
          "Color": "rgb(255,89,0)"
        },
        "Icon": {
          "Name": "TowerIcon",
          "Size": {
            "X": 25.0,
            "Y": 30.0
          },
          "Offset": {
            "X": -15.0,
            "Y": 13.0
          }
        }
      },
      "Gold": {
        "Position": {
          "X": 150.0,
          "Y": 20.0
        },
        "Font": {
          "Style": "Normal",
          "Name": "News Cycle",
          "Size": "26px",
          "Align": "left",
          "Color": "rgb(255,89,0)"
        },
        "Icon": {
          "Name": "GoldIcon",
          "Size": {
            "X": 40.0,
            "Y": 30.0
          },
          "Offset": {
            "X": -25.0,
            "Y": 10.0
          }
        }
      },
      "Drakes": {
        "Position": {
          "X": 50.0,
          "Y": 71.0
        },
        "Offset": {
          "X": 12.0,
          "Y": 0.0
        }
      },
      "Name": {
        "UseTag": true,
        "Position": {
          "X": 390.0,
          "Y": 6.0
        },
        "AdaptiveFontSize": true,
        "MaxSize": {
          "X": 100.0,
          "Y": 50.0
        },
        "Font": {
          "Style": "Normal",
          "Name": "News Cycle",
          "Size": "40px",
          "Align": "right",
          "Color": "rgb(255,255,255)"
        }
      },
      "Icon": {
        "Position": {
          "X": 430.0,
          "Y": 30.0
        },
        "Size": {
          "X": 60.0,
          "Y": 60.0
        },
        "UseBackground": true,
        "BackgroundOffset": {
          "X": 10.0,
          "Y": 0.0
        }
      },
      "Score": {
        "Position": {
          "X": 380.0,
          "Y": 70.0
        },
        "NumberFont": {
          "Style": "Normal",
          "Name": "News Cycle",
          "Size": "15px",
          "Align": "left",
          "Color": "rgb(255,255,255)"
        },
        "UseCircleIcons": true,
        "CircleOffset": {
          "X": -25.0,
          "Y": 0.0
        },
        "CircleRadius": 10.0,
        "UseTeamColor": true,
        "StrokeColor": "rgb(255,255,255)",
        "FillColor": "rgb(255,255,255)"
      }
    },
    "Background": {
      "UseImage": true,
      "UseVideo": false,
      "UseAlpha": true,
      "FallbackColor": "rgba(19,24,63,255)"
    },
    "Misc": {
      "Animation": "Simple",
      "ShowCenterIcon": true,
      "CenterIconPosition": {
        "X": 0.0,
        "Y": 30.0
      },
      "CenterIconSize": {
        "X": 40.0,
        "Y": 40.0
      },
      "DrakeIconSize": {
        "X": 20.0,
        "Y": 20.0
      }
    }
  },
  "ObjectiveKill": {
    "ShowTeamIcon": false,
    "SoulPointScoreboardPopUp": {
      "Enabled": true,
      "UseImage": true,
      "UseVideo": false,
      "UseAlpha": true,
      "ForceDisplayDurationForVideo": true,
      "DisplayDuration": 2000.0,
      "AnimationDuration": 1000.0
    },
    "ElderKillScoreboardPopUp": {
      "Enabled": true,
      "UseImage": true,
      "UseVideo": false,
      "UseAlpha": true,
      "ForceDisplayDurationForVideo": true,
      "DisplayDuration": 2000.0,
      "AnimationDuration": 1000.0
    },
    "DragonKillScoreboardPopUp": {
      "Enabled": true,
      "UseImage": true,
      "UseVideo": false,
      "UseAlpha": true,
      "ForceDisplayDurationForVideo": true,
      "DisplayDuration": 2000.0,
      "AnimationDuration": 1000.0
    },
    "BaronKillScoreboardPopUp": {
      "Enabled": false,
      "UseImage": true,
      "UseVideo": false,
      "UseAlpha": true,
      "ForceDisplayDurationForVideo": true,
      "DisplayDuration": 2000.0,
      "AnimationDuration": 1000.0
    },
    "HeraldKillScoreboardPopUp": {
      "Enabled": true,
      "UseImage": true,
      "UseVideo": false,
      "UseAlpha": true,
      "ForceDisplayDurationForVideo": true,
      "DisplayDuration": 2000.0,
      "AnimationDuration": 1000.0
    }
  },
  "ObjectiveSpawn": {
    "BaronSpawnScoreboardPopUp": {
      "Enabled": true,
      "UseImage": true,
      "UseVideo": false,
      "UseAlpha": true,
      "ForceDisplayDurationForVideo": false,
      "DisplayDuration": 2000.0,
      "AnimationDuration": 1000.0
    },
    "DrakeSpawnScoreboardPopUp": {
      "Enabled": true,
      "UseImage": true,
      "UseVideo": false,
      "UseAlpha": true,
      "ForceDisplayDurationForVideo": false,
      "DisplayDuration": 2000.0,
      "AnimationDuration": 1000.0
    },
    "HeraldSpawnScoreboardPopUp": {
      "Enabled": true,
      "UseImage": true,
      "UseVideo": false,
      "UseAlpha": true,
      "ForceDisplayDurationForVideo": false,
      "DisplayDuration": 2000.0,
      "AnimationDuration": 1000.0
    }
  },
  "ItemComplete": {
    "UseCustomVideo": false,
    "ShowItemName": true,
    "ShowOnScoreboard": false,
    "ShowOnChampionIndicator": true,
    "InfoText": {
      "Style": "Normal",
      "Name": "News Cycle",
      "Size": "20px",
      "Align": "center",
      "Color": "rgb(255,255,255)"
    },
    "ItemAnimationStates": [
      {
        "Scale": 0.0,
        "Alpha": 0.0,
        "Position": {
          "X": 0.0,
          "Y": 0.0
        },
        "Mirror": false,
        "Duration": 0.0,
        "Ease": "",
        "Delay": 0.0
      },
      {
        "Scale": 1.0,
        "Alpha": 1.0,
        "Position": {
          "X": 0.0,
          "Y": 0.0
        },
        "Mirror": false,
        "Duration": 400.0,
        "Ease": "Quad.easeIn",
        "Delay": 0.0
      },
      {
        "Scale": 1.1,
        "Alpha": 1.0,
        "Position": {
          "X": 0.0,
          "Y": 0.0
        },
        "Mirror": false,
        "Duration": 3200.0,
        "Ease": "Linear",
        "Delay": 0.0
      },
      {
        "Scale": 2.5,
        "Alpha": 0.0,
        "Position": {
          "X": 0.0,
          "Y": 0.0
        },
        "Mirror": false,
        "Duration": 400.0,
        "Ease": "Quad.easeOut",
        "Delay": 0.0
      }
    ],
    "InfoTextAnimationStates": [
      {
        "Scale": 1.0,
        "Alpha": 0.0,
        "Position": {
          "X": 55.0,
          "Y": 0.0
        },
        "Mirror": true,
        "Duration": 0.0,
        "Ease": "",
        "Delay": 0.0
      },
      {
        "Scale": 1.0,
        "Alpha": 1.0,
        "Position": {
          "X": 55.0,
          "Y": 0.0
        },
        "Mirror": true,
        "Duration": 200.0,
        "Ease": "Quad.easeOut",
        "Delay": 1000.0
      },
      {
        "Scale": 1.0,
        "Alpha": 0.0,
        "Position": {
          "X": 55.0,
          "Y": 0.0
        },
        "Mirror": true,
        "Duration": 200.0,
        "Ease": "Quad.easeIn",
        "Delay": 1800.0
      }
    ],
    "InfoBackgroundAnimationStates": [
      {
        "Scale": 1.0,
        "Alpha": 1.0,
        "Position": {
          "X": 0.0,
          "Y": 80.0
        },
        "Mirror": false,
        "Duration": 0.0,
        "Ease": "",
        "Delay": 0.0
      },
      {
        "Scale": 1.0,
        "Alpha": 1.0,
        "Position": {
          "X": 0.0,
          "Y": 0.0
        },
        "Mirror": false,
        "Duration": 200.0,
        "Ease": "Quad.easeOut",
        "Delay": 800.0
      },
      {
        "Scale": 1.0,
        "Alpha": 1.0,
        "Position": {
          "X": 0.0,
          "Y": -80.0
        },
        "Mirror": false,
        "Duration": 200.0,
        "Ease": "Quad.easeIn",
        "Delay": 2200.0
      }
    ]
  },
  "LevelUp": {
    "UseCustomVideo": false,
    "ShowOnScoreboard": false,
    "ShowOnChampionIndicator": true,
    "LevelFont": {
      "Style": "Normal",
      "Name": "News Cycle",
      "Size": "60px",
      "Align": "center",
      "Color": "rgb(255,255,255)"
    },
    "UseTeamColors": true,
    "OrderColor": "rgb(0,0,255)",
    "ChaosColor": "rgb(255,0,0)",
    "NumberAnimationStates": [
      {
        "Scale": 1.0,
        "Alpha": 1.0,
        "Position": {
          "X": 0.0,
          "Y": 70.0
        },
        "Mirror": true,
        "Duration": 0.0,
        "Ease": "",
        "Delay": 0.0
      },
      {
        "Scale": 1.0,
        "Alpha": 1.0,
        "Position": {
          "X": 0.0,
          "Y": -30.0
        },
        "Mirror": true,
        "Duration": 300.0,
        "Ease": "Quad.easeOut",
        "Delay": 250.0
      },
      {
        "Scale": 1.0,
        "Alpha": 1.0,
        "Position": {
          "X": 0.0,
          "Y": -130.0
        },
        "Mirror": true,
        "Duration": 400.0,
        "Ease": "Quad.easeIn",
        "Delay": 3500.0
      }
    ],
    "BackgroundAnimationStates": [
      {
        "Scale": 1.0,
        "Alpha": 1.0,
        "Position": {
          "X": 0.0,
          "Y": 100.0
        },
        "Mirror": false,
        "Duration": 0.0,
        "Ease": "",
        "Delay": 0.0
      },
      {
        "Scale": 1.0,
        "Alpha": 1.0,
        "Position": {
          "X": 0.0,
          "Y": 0.0
        },
        "Mirror": false,
        "Duration": 300.0,
        "Ease": "Quad.easeOut",
        "Delay": 250.0
      },
      {
        "Scale": 1.0,
        "Alpha": 1.0,
        "Position": {
          "X": -90.0,
          "Y": 0.0
        },
        "Mirror": true,
        "Duration": 400.0,
        "Ease": "Quad.easeIn",
        "Delay": 4000.0
      }
    ]
  },
  "InfoPage": {
    "Position": {
      "X": 0.0,
      "Y": 135.0
    },
    "Title": {
      "Enabled": true,
      "Position": {
        "Gold": {
          "X": 150.0,
          "Y": 15.0
        },
        "XP": {
          "X": 150.0,
          "Y": 15.0
        },
        "CSPM": {
          "X": 150.0,
          "Y": 15.0
        }
      },
      "Font": {
        "Style": "Bold",
        "Name": "Montserrat",
        "Size": "26px",
        "Align": "center",
        "Color": "rgb(255,255,255)"
      }
    },
    "TitleHeight": 45.0,
    "TabConfig": {
      "TabSize": {
        "X": 300.0,
        "Y": 55.0
      },
      "UseTeamColorsText": false,
      "OrderColor": "rgb(255,255,255)",
      "ChaosColor": "rgb(255,255,255)",
      "ChampIcon": {
        "Enabled": true,
        "Position": {
          "Gold": {
            "X": 4.0,
            "Y": 8.0
          },
          "XP": {
            "X": 4.0,
            "Y": 8.0
          },
          "CSPM": {
            "X": 4.0,
            "Y": 8.0
          }
        },
        "Size": {
          "X": 42.0,
          "Y": 42.0
        }
      },
      "Separator": {
        "Enabled": true,
        "Position": {
          "Gold": {
            "X": 0.0,
            "Y": 0.0
          },
          "XP": {
            "X": 0.0,
            "Y": 0.0
          },
          "CSPM": {
            "X": 0.0,
            "Y": 0.0
          }
        },
        "Size": {
          "X": 300.0,
          "Y": 2.0
        }
      },
      "PlayerName": {
        "Enabled": true,
        "Position": {
          "Gold": {
            "X": 54.0,
            "Y": 6.0
          },
          "XP": {
            "X": 54.0,
            "Y": 6.0
          },
          "CSPM": {
            "X": 54.0,
            "Y": 6.0
          }
        },
        "Font": {
          "Style": "Normal",
          "Name": "News Cycle",
          "Size": "15px",
          "Align": "left",
          "Color": "rgb(255,255,255)"
        }
      },
      "MinValue": {
        "Enabled": true,
        "Position": {
          "Gold": {
            "X": 54.0,
            "Y": 22.0
          },
          "XP": {
            "X": 54.0,
            "Y": 22.0
          },
          "CSPM": {
            "X": 54.0,
            "Y": 22.0
          }
        },
        "Font": {
          "Style": "Normal",
          "Name": "News Cycle",
          "Size": "15px",
          "Align": "left",
          "Color": "rgb(255,255,255)"
        }
      },
      "CurrentValue": {
        "Enabled": true,
        "Position": {
          "Gold": {
            "X": 270.0,
            "Y": 15.0
          },
          "XP": {
            "X": 280.0,
            "Y": 15.0
          },
          "CSPM": {
            "X": 280.0,
            "Y": 15.0
          }
        },
        "Font": {
          "Style": "Normal",
          "Name": "News Cycle",
          "Size": "25px",
          "Align": "center",
          "Color": "rgb(255,255,255)"
        }
      },
      "MaxValue": {
        "Enabled": true,
        "Position": {
          "Gold": {
            "X": 230.0,
            "Y": 22.0
          },
          "XP": {
            "X": 260.0,
            "Y": 22.0
          },
          "CSPM": {
            "X": 260.0,
            "Y": 22.0
          }
        },
        "Font": {
          "Style": "Normal",
          "Name": "News Cycle",
          "Size": "15px",
          "Align": "right",
          "Color": "rgb(255,255,255)"
        }
      },
      "ProgressBar": {
        "Enabled": true,
        "Position": {
          "Gold": {
            "X": 52.0,
            "Y": 40.0
          },
          "XP": {
            "X": 52.0,
            "Y": 40.0
          },
          "CSPM": {
            "X": 52.0,
            "Y": 40.0
          }
        },
        "Size": {
          "Gold": {
            "X": 180.0,
            "Y": 10.0
          },
          "XP": {
            "X": 210.0,
            "Y": 10.0
          },
          "CSPM": {
            "X": 210.0,
            "Y": 10.0
          }
        },
        "UseTeamColors": true,
        "DefaultColor": "rgb(0,0,0)",
        "OrderColor": "rgb(222,40,70)",
        "ChaosColor": "rgb(0,151,196)",
        "Animate": true
      }
    },
    "Background": {
      "UseImage": false,
      "UseVideo": false,
      "UseAlpha": false,
      "FallbackColor": "rgb(0, 0, 0)",
      "Size": {
        "X": 300.0,
        "Y": 600.0
      }
    }
  },
  "GoldGraph": {
    "Position": {
      "X": 965.0,
      "Y": 845.0
    },
    "Size": {
      "X": 740.0,
      "Y": 235.0
    },
    "Background": {
      "UseImage": false,
      "UseVideo": false,
      "UseAlpha": false,
      "FallbackColor": "rgba(0,0,0,)"
    },
    "Title": {
      "Enabled": true,
      "Position": {
        "X": 0.0,
        "Y": 10.0
      },
      "Font": {
        "Style": "Bold",
        "Name": "News Cycle",
        "Size": "22px",
        "Align": "left",
        "Color": "rgb(255,255,255)"
      },
      "Text": "GOLD DIFFERENCE SINCE START"
    },
    "Graph": {
      "Position": {
        "X": 5.0,
        "Y": 40.0
      },
      "Size": {
        "X": 710.0,
        "Y": 190.0
      },
      "ShowVerticalGrid": true,
      "ShowHorizontalGrid": true,
      "LineTension": 0.05,
      "GridColor": "rgba(255,255,255,0.5)",
      "GridEdgeColor": "rgba(255,255,255, 0.1)",
      "BorderUseTeamColors": true,
      "BorderOrderColor": "rgb(0,0,0)",
      "BorderChaosColor": "rgb(0,0,0)",
      "FillUseTeamColors": true,
      "FillOrderColor": "rgb(0,0,0)",
      "FillChaosColor": "rgb(0,0,0)",
      "InfoFont": {
        "Style": "UNUSED",
        "Name": "News Cycle",
        "Size": "UNUSED",
        "Align": "UNUSED",
        "Color": "rgb(255,255,255)"
      },
      "TimeStepSize": 30,
      "ShowTimeStepIndicators": true
    }
  },
  "BaronTimer": {
    "Position": {
      "X": 1800.0,
      "Y": 55.0
    },
    "MaskPosition": {
      "X": 1750.0,
      "Y": 20.0
    },
    "MaskSize": {
      "X": 150.0,
      "Y": 70.0
    },
    "Scale": 0.8,
    "Align": "right",
    "ShowGoldDiff": true,
    "ShowTimer": true,
    "ObjectiveIcon": true,
    "Animate": true,
    "IconPosition": {
      "X": 0.0,
      "Y": 0.0
    },
    "GoldPosition": {
      "X": 25.0,
      "Y": -25.0
    },
    "GoldIconPosition": {
      "X": -7.0,
      "Y": -25.0
    },
    "GoldFont": {
      "Style": "Bold",
      "Name": "News Cycle",
      "Size": "22px",
      "Align": "right",
      "Color": "rgb(230,190,138)"
    },
    "TimePosition": {
      "X": 25.0,
      "Y": 0.0
    },
    "TimeIconPosition": {
      "X": -10.0,
      "Y": 0.0
    },
    "TimeFont": {
      "Style": "Bold",
      "Name": "News Cycle",
      "Size": "22px",
      "Align": "right",
      "Color": "rgb(230,190,138)"
    }
  },
  "ElderTimer": {
    "Position": {
      "X": 120.0,
      "Y": 55.0
    },
    "MaskPosition": {
      "X": 50.0,
      "Y": 20.0
    },
    "MaskSize": {
      "X": 150.0,
      "Y": 70.0
    },
    "Scale": 0.8,
    "Align": "left",
    "ShowGoldDiff": true,
    "ShowTimer": true,
    "ObjectiveIcon": true,
    "Animate": true,
    "IconPosition": {
      "X": 40.0,
      "Y": 0.0
    },
    "GoldPosition": {
      "X": 18.0,
      "Y": -25.0
    },
    "GoldIconPosition": {
      "X": 22.0,
      "Y": -25.0
    },
    "GoldFont": {
      "Style": "Bold",
      "Name": "News Cycle",
      "Size": "22px",
      "Align": "left",
      "Color": "rgb(230,190,138)"
    },
    "TimePosition": {
      "X": 18.0,
      "Y": 0.0
    },
    "TimeIconPosition": {
      "X": 20.0,
      "Y": -2.0
    },
    "TimeFont": {
      "Style": "Bold",
      "Name": "News Cycle",
      "Size": "22px",
      "Align": "left",
      "Color": "rgb(230,190,138)"
    }
  },
  "GoogleFonts": [
    "News Cycle",
    "News Cycle:bold",
    "Droid Sans"
  ],
  "FileVersion": "2.2"
}
[11-22-04] Config Ingame loaded
[11-22-04] Found Component.json. Reading values
[11-22-04] {
  "DataDragon": {
    "MinimumGoldCost": 2000,
    "Region": "euw",
    "Locale": "pt_BR",
    "CDN": "https://ddragon.leagueoflegends.com/cdn",
    "Patch": "latest"
  },
  "PickBan": {
    "IsActive": true,
    "UseDelay": false,
    "DelayValue": 300,
    "DefaultBlueColor": "rgb(0,235,226)",
    "DefaultRedColor": "rgb(255,89,0)"
  },
  "Ingame": {
    "IsActive": true,
    "UseLiveEvents": true,
    "DoLevelUp": true,
    "DoItemCompleted": true,
    "SeriesGameCount": 3,
    "Objectives": {
      "DoBaronKill": false,
      "DoDragonKill": false,
      "DoInhibitors": false,
      "DoObjectiveSpawnPopUp": false,
      "DoObjectiveKillPopUp": false
    },
    "Teams": {
      "DoTeamNames": true,
      "DoTeamIcons": true,
      "DoTeamScores": true
    },
    "UseCustomScoreboard": true
  },
  "Replay": {
    "IsActive": true,
    "UseAutoInitUI": true
  },
  "PostGame": {
    "IsActive": false
  },
  "App": {
    "LogLevel": 2,
    "CheckForUpdates": true,
    "UpdateRepositoryUrl": "https://github.com/floh22/LeagueBroadcast",
    "UpdateRepositoryName": "floh22/LeagueBroadcast",
    "LeagueInstall": [
      "C:\\",
      "D:\\",
      "E:\\",
      "F:\\",
      "C:\\Program Files",
      "C:\\Program Files (x86)"
    ],
    "CheckForOffsets": true,
    "OffsetRepository": "https://raw.githubusercontent.com/floh22/LeagueBroadcast/v2/Offsets/",
    "OffsetPrefix": "Offsets-"
  },
  "FileVersion": "1.3"
}
[11-22-04] Config Component loaded
[11-22-04] Loading config watchers
[11-22-04] Watching PickBan.json for changes
[11-22-04] Watching Component.json for changes
[11-22-04] Watching Ingame.json for changes
[11-22-04] Log Level set to Info
[11-22-04] League Broadcast Version 1.4.97
[11-22-04] [Update] Checking for Updates
[11-22-05] [Update] Latest release version v1.4.97 vs. current version 1.4.97
[11-22-05] [Update] Local version up to date
[11-22-05] Using current Version
[11-22-05] Early Init Complete in 1340.5797ms
[11-22-05] DataDragon Provider Init
[11-22-05] Getting latest versions from dataDragon
[11-22-05] Retrieving latest patch info
[11-22-06] Champion: 11.19.1, Item: 11.19.1, CDN: https://ddragon.leagueoflegends.com/cdn
[11-22-07] Loaded 157 champions
[11-22-07] Loaded 15 summoner spells
[11-22-08] Detected 199 items
[11-22-08] Loaded 94 full items
[11-22-08] Checking Local Cache
[11-22-08] Cache C:\Users\kevin\Desktop\Dev - Predict\Codando - PredictStudio\LP - PredictStudio\League Of Legends - PredictStudio/Cache/11.19.1 exists already
[11-22-08] DDragon loaded
[11-22-08] Loading PickBan Controller
[11-22-08] Loading Ingame Controller
[11-22-08] Checking League install for LiveEventsAPI
[11-22-08] Found League install location
[11-22-08] LiveEvents API found in Game config
[11-22-08] Replay API found in Game config
[11-22-08] Verifying LiveEvents list
[11-22-08] Loading Replay Controller
[11-22-08] Loading Farsight
[11-22-08] Farsight loaded. Found 157 Champ names
[11-22-08] Loading Frontend Webserver (HTTP/WS)
[11-22-08] Server file system starting
[11-22-08] WebServer New State - Loading
[11-22-08] WebServer New State - Listening
[11-22-08] WebServer running on http://*:9001/
[11-22-08] Whats that ticking noise?
[11-22-08] Init Complete in 2.884s
[11-22-08] Opening main window
[11-22-08] Team STORMTIGER loaded
[11-22-08] Team BOOMSLANG loaded
[11-22-08] Connection State Changed
[11-22-08] New Client ImyW0vFCMkmA3XscsgJaHA connected from http://localhost:9001
[11-22-08] Loading State Controller
[11-22-08] Connecting to League Client
[11-22-08] PickBan Enabled
[11-22-08] Ingame Enabled
[11-22-08] Using direct PickBan
[11-22-08] Starting LeagueBroadcast with tickrate of 2tps
[11-22-08] Checking for running Game
[11-22-08] Target process (League of Legends) detected.
[11-22-08] Init Game State
[11-22-08] Game State reset
[11-22-08] Connection State Changed
[11-22-08] Post Init Complete in 361.7739ms
[11-22-08] Total Startup time: 4.587s
[11-22-08] Connected to League Client in 113 ms
[11-22-08] Local Client Version 11.19.1
[11-22-08] Loading offsets for current patch
[11-22-08] Found Farsight.json. Reading values
[11-22-08] Config Farsight loaded
[11-22-08] Watching Farsight.json for changes
[11-22-08] Using offsets 11.19.1
[11-22-09] Game Loaded
[11-22-09] Game Paused
[11-22-09] LiveEventAPI Connected
[11-22-09] Game Resumed
[11-22-09] Baron spawned
[11-22-09] Init Team data
[11-22-10] Init UI
[11-22-10] Sending game start key inputs
[11-22-34] [WARNING] Could not update State:
System.Private.CoreLib -> Index was out of range. Must be non-negative and less than the size of the collection. (Parameter 'index')
 Stacktrace:
   at System.Collections.Generic.List`1.get_Item(Int32 index)
   at LeagueBroadcast.Ingame.Data.LBH.PlayerTab.<>c__DisplayClass4_0.<GetEXPTabs>b__0(Player p) in F:\Repos\LeagueOfLegends\LeagueBroadcast2\LeagueBroadcast\Ingame\Data\LBH\PlayerTab.cs:line 24
   at System.Collections.Generic.List`1.ForEach(Action`1 action)
   at LeagueBroadcast.Ingame.Data.LBH.PlayerTab.GetEXPTabs() in F:\Repos\LeagueOfLegends\LeagueBroadcast2\LeagueBroadcast\Ingame\Data\LBH\PlayerTab.cs:line 33
   at LeagueBroadcast.Common.Controllers.IngameController.UpdateInfoPage() in F:\Repos\LeagueOfLegends\LeagueBroadcast2\LeagueBroadcast\Common\Controllers\IngameController.cs:line 279
   at LeagueBroadcast.Common.Controllers.IngameController.DoTick() in F:\Repos\LeagueOfLegends\LeagueBroadcast2\LeagueBroadcast\Common\Controllers\IngameController.cs:line 260
[11-22-34] [WARNING] Could not update State:
System.Private.CoreLib -> Index was out of range. Must be non-negative and less than the size of the collection. (Parameter 'index')
 Stacktrace:
   at System.Collections.Generic.List`1.get_Item(Int32 index)
   at LeagueBroadcast.Ingame.Data.LBH.PlayerTab.<>c__DisplayClass4_0.<GetEXPTabs>b__0(Player p) in F:\Repos\LeagueOfLegends\LeagueBroadcast2\LeagueBroadcast\Ingame\Data\LBH\PlayerTab.cs:line 24
   at System.Collections.Generic.List`1.ForEach(Action`1 action)
   at LeagueBroadcast.Ingame.Data.LBH.PlayerTab.GetEXPTabs() in F:\Repos\LeagueOfLegends\LeagueBroadcast2\LeagueBroadcast\Ingame\Data\LBH\PlayerTab.cs:line 33
   at LeagueBroadcast.Common.Controllers.IngameController.UpdateInfoPage() in F:\Repos\LeagueOfLegends\LeagueBroadcast2\LeagueBroadcast\Common\Controllers\IngameController.cs:line 279
   at LeagueBroadcast.Common.Controllers.IngameController.DoTick() in F:\Repos\LeagueOfLegends\LeagueBroadcast2\LeagueBroadcast\Common\Controllers\IngameController.cs:line 260
[11-22-35] [WARNING] Could not update State:
System.Private.CoreLib -> Index was out of range. Must be non-negative and less than the size of the collection. (Parameter 'index')
 Stacktrace:
   at System.Collections.Generic.List`1.get_Item(Int32 index)
   at LeagueBroadcast.Ingame.Data.LBH.PlayerTab.<>c__DisplayClass4_0.<GetEXPTabs>b__0(Player p) in F:\Repos\LeagueOfLegends\LeagueBroadcast2\LeagueBroadcast\Ingame\Data\LBH\PlayerTab.cs:line 24
   at System.Collections.Generic.List`1.ForEach(Action`1 action)
   at LeagueBroadcast.Ingame.Data.LBH.PlayerTab.GetEXPTabs() in F:\Repos\LeagueOfLegends\LeagueBroadcast2\LeagueBroadcast\Ingame\Data\LBH\PlayerTab.cs:line 33
   at LeagueBroadcast.Common.Controllers.IngameController.UpdateInfoPage() in F:\Repos\LeagueOfLegends\LeagueBroadcast2\LeagueBroadcast\Common\Controllers\IngameController.cs:line 279
   at LeagueBroadcast.Common.Controllers.IngameController.DoTick() in F:\Repos\LeagueOfLegends\LeagueBroadcast2\LeagueBroadcast\Common\Controllers\IngameController.cs:line 260
[11-22-35] Ocean killed by CHAOS
[11-22-35] [WARNING] Could not update State:
System.Private.CoreLib -> Index was out of range. Must be non-negative and less than the size of the collection. (Parameter 'index')
 Stacktrace:
   at System.Collections.Generic.List`1.get_Item(Int32 index)
   at LeagueBroadcast.Ingame.Data.LBH.PlayerTab.<>c__DisplayClass4_0.<GetEXPTabs>b__0(Player p) in F:\Repos\LeagueOfLegends\LeagueBroadcast2\LeagueBroadcast\Ingame\Data\LBH\PlayerTab.cs:line 24
   at System.Collections.Generic.List`1.ForEach(Action`1 action)
   at LeagueBroadcast.Ingame.Data.LBH.PlayerTab.GetEXPTabs() in F:\Repos\LeagueOfLegends\LeagueBroadcast2\LeagueBroadcast\Ingame\Data\LBH\PlayerTab.cs:line 33
   at LeagueBroadcast.Common.Controllers.IngameController.UpdateInfoPage() in F:\Repos\LeagueOfLegends\LeagueBroadcast2\LeagueBroadcast\Common\Controllers\IngameController.cs:line 279
   at LeagueBroadcast.Common.Controllers.IngameController.DoTick() in F:\Repos\LeagueOfLegends\LeagueBroadcast2\LeagueBroadcast\Common\Controllers\IngameController.cs:line 260
[11-22-39] [WARNING] Could not update State:
System.Private.CoreLib -> Index was out of range. Must be non-negative and less than the size of the collection. (Parameter 'index')
 Stacktrace:
   at System.Collections.Generic.List`1.get_Item(Int32 index)
   at LeagueBroadcast.Ingame.Data.LBH.PlayerTab.<>c__DisplayClass4_0.<GetEXPTabs>b__0(Player p) in F:\Repos\LeagueOfLegends\LeagueBroadcast2\LeagueBroadcast\Ingame\Data\LBH\PlayerTab.cs:line 24
   at System.Collections.Generic.List`1.ForEach(Action`1 action)
   at LeagueBroadcast.Ingame.Data.LBH.PlayerTab.GetEXPTabs() in F:\Repos\LeagueOfLegends\LeagueBroadcast2\LeagueBroadcast\Ingame\Data\LBH\PlayerTab.cs:line 33
   at LeagueBroadcast.Common.Controllers.IngameController.UpdateInfoPage() in F:\Repos\LeagueOfLegends\LeagueBroadcast2\LeagueBroadcast\Common\Controllers\IngameController.cs:line 279
   at LeagueBroadcast.Common.Controllers.IngameController.DoTick() in F:\Repos\LeagueOfLegends\LeagueBroadcast2\LeagueBroadcast\Common\Controllers\IngameController.cs:line 260
[11-22-40] [WARNING] Could not update State:
System.Private.CoreLib -> Index was out of range. Must be non-negative and less than the size of the collection. (Parameter 'index')
 Stacktrace:
   at System.Collections.Generic.List`1.get_Item(Int32 index)
   at LeagueBroadcast.Ingame.Data.LBH.PlayerTab.<>c__DisplayClass4_0.<GetEXPTabs>b__0(Player p) in F:\Repos\LeagueOfLegends\LeagueBroadcast2\LeagueBroadcast\Ingame\Data\LBH\PlayerTab.cs:line 24
   at System.Collections.Generic.List`1.ForEach(Action`1 action)
   at LeagueBroadcast.Ingame.Data.LBH.PlayerTab.GetEXPTabs() in F:\Repos\LeagueOfLegends\LeagueBroadcast2\LeagueBroadcast\Ingame\Data\LBH\PlayerTab.cs:line 33
   at LeagueBroadcast.Common.Controllers.IngameController.UpdateInfoPage() in F:\Repos\LeagueOfLegends\LeagueBroadcast2\LeagueBroadcast\Common\Controllers\IngameController.cs:line 279
   at LeagueBroadcast.Common.Controllers.IngameController.DoTick() in F:\Repos\LeagueOfLegends\LeagueBroadcast2\LeagueBroadcast\Common\Controllers\IngameController.cs:line 260
[11-22-40] [WARNING] Could not update State:
System.Private.CoreLib -> Index was out of range. Must be non-negative and less than the size of the collection. (Parameter 'index')
 Stacktrace:
   at System.Collections.Generic.List`1.get_Item(Int32 index)
   at LeagueBroadcast.Ingame.Data.LBH.PlayerTab.<>c__DisplayClass4_0.<GetEXPTabs>b__0(Player p) in F:\Repos\LeagueOfLegends\LeagueBroadcast2\LeagueBroadcast\Ingame\Data\LBH\PlayerTab.cs:line 24
   at System.Collections.Generic.List`1.ForEach(Action`1 action)
   at LeagueBroadcast.Ingame.Data.LBH.PlayerTab.GetEXPTabs() in F:\Repos\LeagueOfLegends\LeagueBroadcast2\LeagueBroadcast\Ingame\Data\LBH\PlayerTab.cs:line 33
   at LeagueBroadcast.Common.Controllers.IngameController.UpdateInfoPage() in F:\Repos\LeagueOfLegends\LeagueBroadcast2\LeagueBroadcast\Common\Controllers\IngameController.cs:line 279
   at LeagueBroadcast.Common.Controllers.IngameController.DoTick() in F:\Repos\LeagueOfLegends\LeagueBroadcast2\LeagueBroadcast\Common\Controllers\IngameController.cs:line 260
[11-22-41] [WARNING] Could not update State:
System.Private.CoreLib -> Index was out of range. Must be non-negative and less than the size of the collection. (Parameter 'index')
 Stacktrace:
   at System.Collections.Generic.List`1.get_Item(Int32 index)
   at LeagueBroadcast.Ingame.Data.LBH.PlayerTab.<>c__DisplayClass4_0.<GetEXPTabs>b__0(Player p) in F:\Repos\LeagueOfLegends\LeagueBroadcast2\LeagueBroadcast\Ingame\Data\LBH\PlayerTab.cs:line 24
   at System.Collections.Generic.List`1.ForEach(Action`1 action)
   at LeagueBroadcast.Ingame.Data.LBH.PlayerTab.GetEXPTabs() in F:\Repos\LeagueOfLegends\LeagueBroadcast2\LeagueBroadcast\Ingame\Data\LBH\PlayerTab.cs:line 33
   at LeagueBroadcast.Common.Controllers.IngameController.UpdateInfoPage() in F:\Repos\LeagueOfLegends\LeagueBroadcast2\LeagueBroadcast\Common\Controllers\IngameController.cs:line 279
   at LeagueBroadcast.Common.Controllers.IngameController.DoTick() in F:\Repos\LeagueOfLegends\LeagueBroadcast2\LeagueBroadcast\Common\Controllers\IngameController.cs:line 260
[11-22-41] [WARNING] Could not update State:
System.Private.CoreLib -> Index was out of range. Must be non-negative and less than the size of the collection. (Parameter 'index')
 Stacktrace:
   at System.Collections.Generic.List`1.get_Item(Int32 index)
   at LeagueBroadcast.Ingame.Data.LBH.PlayerTab.<>c__DisplayClass4_0.<GetEXPTabs>b__0(Player p) in F:\Repos\LeagueOfLegends\LeagueBroadcast2\LeagueBroadcast\Ingame\Data\LBH\PlayerTab.cs:line 24
   at System.Collections.Generic.List`1.ForEach(Action`1 action)
   at LeagueBroadcast.Ingame.Data.LBH.PlayerTab.GetEXPTabs() in F:\Repos\LeagueOfLegends\LeagueBroadcast2\LeagueBroadcast\Ingame\Data\LBH\PlayerTab.cs:line 33
   at LeagueBroadcast.Common.Controllers.IngameController.UpdateInfoPage() in F:\Repos\LeagueOfLegends\LeagueBroadcast2\LeagueBroadcast\Common\Controllers\IngameController.cs:line 279
   at LeagueBroadcast.Common.Controllers.IngameController.DoTick() in F:\Repos\LeagueOfLegends\LeagueBroadcast2\LeagueBroadcast\Common\Controllers\IngameController.cs:line 260
[11-22-42] [WARNING] Could not update State:
System.Private.CoreLib -> Index was out of range. Must be non-negative and less than the size of the collection. (Parameter 'index')
 Stacktrace:
   at System.Collections.Generic.List`1.get_Item(Int32 index)
   at LeagueBroadcast.Ingame.Data.LBH.PlayerTab.<>c__DisplayClass4_0.<GetEXPTabs>b__0(Player p) in F:\Repos\LeagueOfLegends\LeagueBroadcast2\LeagueBroadcast\Ingame\Data\LBH\PlayerTab.cs:line 24
   at System.Collections.Generic.List`1.ForEach(Action`1 action)
   at LeagueBroadcast.Ingame.Data.LBH.PlayerTab.GetEXPTabs() in F:\Repos\LeagueOfLegends\LeagueBroadcast2\LeagueBroadcast\Ingame\Data\LBH\PlayerTab.cs:line 33
   at LeagueBroadcast.Common.Controllers.IngameController.UpdateInfoPage() in F:\Repos\LeagueOfLegends\LeagueBroadcast2\LeagueBroadcast\Common\Controllers\IngameController.cs:line 279
   at LeagueBroadcast.Common.Controllers.IngameController.DoTick() in F:\Repos\LeagueOfLegends\LeagueBroadcast2\LeagueBroadcast\Common\Controllers\IngameController.cs:line 260
[11-22-42] [WARNING] Could not update State:
System.Private.CoreLib -> Index was out of range. Must be non-negative and less than the size of the collection. (Parameter 'index')
 Stacktrace:
   at System.Collections.Generic.List`1.get_Item(Int32 index)
   at LeagueBroadcast.Ingame.Data.LBH.PlayerTab.<>c__DisplayClass4_0.<GetEXPTabs>b__0(Player p) in F:\Repos\LeagueOfLegends\LeagueBroadcast2\LeagueBroadcast\Ingame\Data\LBH\PlayerTab.cs:line 24
   at System.Collections.Generic.List`1.ForEach(Action`1 action)
   at LeagueBroadcast.Ingame.Data.LBH.PlayerTab.GetEXPTabs() in F:\Repos\LeagueOfLegends\LeagueBroadcast2\LeagueBroadcast\Ingame\Data\LBH\PlayerTab.cs:line 33
   at LeagueBroadcast.Common.Controllers.IngameController.UpdateInfoPage() in F:\Repos\LeagueOfLegends\LeagueBroadcast2\LeagueBroadcast\Common\Controllers\IngameController.cs:line 279
   at LeagueBroadcast.Common.Controllers.IngameController.DoTick() in F:\Repos\LeagueOfLegends\LeagueBroadcast2\LeagueBroadcast\Common\Controllers\IngameController.cs:line 260
[11-22-43] [WARNING] Could not update State:
System.Private.CoreLib -> Index was out of range. Must be non-negative and less than the size of the collection. (Parameter 'index')
 Stacktrace:
   at System.Collections.Generic.List`1.get_Item(Int32 index)
   at LeagueBroadcast.Ingame.Data.LBH.PlayerTab.<>c__DisplayClass4_0.<GetEXPTabs>b__0(Player p) in F:\Repos\LeagueOfLegends\LeagueBroadcast2\LeagueBroadcast\Ingame\Data\LBH\PlayerTab.cs:line 24
   at System.Collections.Generic.List`1.ForEach(Action`1 action)
   at LeagueBroadcast.Ingame.Data.LBH.PlayerTab.GetEXPTabs() in F:\Repos\LeagueOfLegends\LeagueBroadcast2\LeagueBroadcast\Ingame\Data\LBH\PlayerTab.cs:line 33
   at LeagueBroadcast.Common.Controllers.IngameController.UpdateInfoPage() in F:\Repos\LeagueOfLegends\LeagueBroadcast2\LeagueBroadcast\Common\Controllers\IngameController.cs:line 279
   at LeagueBroadcast.Common.Controllers.IngameController.DoTick() in F:\Repos\LeagueOfLegends\LeagueBroadcast2\LeagueBroadcast\Common\Controllers\IngameController.cs:line 260
[11-22-43] [WARNING] Could not update State:
System.Private.CoreLib -> Index was out of range. Must be non-negative and less than the size of the collection. (Parameter 'index')
 Stacktrace:
   at System.Collections.Generic.List`1.get_Item(Int32 index)
   at LeagueBroadcast.Ingame.Data.LBH.PlayerTab.<>c__DisplayClass4_0.<GetEXPTabs>b__0(Player p) in F:\Repos\LeagueOfLegends\LeagueBroadcast2\LeagueBroadcast\Ingame\Data\LBH\PlayerTab.cs:line 24
   at System.Collections.Generic.List`1.ForEach(Action`1 action)
   at LeagueBroadcast.Ingame.Data.LBH.PlayerTab.GetEXPTabs() in F:\Repos\LeagueOfLegends\LeagueBroadcast2\LeagueBroadcast\Ingame\Data\LBH\PlayerTab.cs:line 33
   at LeagueBroadcast.Common.Controllers.IngameController.UpdateInfoPage() in F:\Repos\LeagueOfLegends\LeagueBroadcast2\LeagueBroadcast\Common\Controllers\IngameController.cs:line 279
   at LeagueBroadcast.Common.Controllers.IngameController.DoTick() in F:\Repos\LeagueOfLegends\LeagueBroadcast2\LeagueBroadcast\Common\Controllers\IngameController.cs:line 260
[11-22-44] [WARNING] Could not update State:
System.Private.CoreLib -> Index was out of range. Must be non-negative and less than the size of the collection. (Parameter 'index')
 Stacktrace:
   at System.Collections.Generic.List`1.get_Item(Int32 index)
   at LeagueBroadcast.Ingame.Data.LBH.PlayerTab.<>c__DisplayClass4_0.<GetEXPTabs>b__0(Player p) in F:\Repos\LeagueOfLegends\LeagueBroadcast2\LeagueBroadcast\Ingame\Data\LBH\PlayerTab.cs:line 24
   at System.Collections.Generic.List`1.ForEach(Action`1 action)
   at LeagueBroadcast.Ingame.Data.LBH.PlayerTab.GetEXPTabs() in F:\Repos\LeagueOfLegends\LeagueBroadcast2\LeagueBroadcast\Ingame\Data\LBH\PlayerTab.cs:line 33
   at LeagueBroadcast.Common.Controllers.IngameController.UpdateInfoPage() in F:\Repos\LeagueOfLegends\LeagueBroadcast2\LeagueBroadcast\Common\Controllers\IngameController.cs:line 279
   at LeagueBroadcast.Common.Controllers.IngameController.DoTick() in F:\Repos\LeagueOfLegends\LeagueBroadcast2\LeagueBroadcast\Common\Controllers\IngameController.cs:line 260
[11-22-44] [WARNING] Could not update State:
System.Private.CoreLib -> Index was out of range. Must be non-negative and less than the size of the collection. (Parameter 'index')
 Stacktrace:
   at System.Collections.Generic.List`1.get_Item(Int32 index)
   at LeagueBroadcast.Ingame.Data.LBH.PlayerTab.<>c__DisplayClass4_0.<GetEXPTabs>b__0(Player p) in F:\Repos\LeagueOfLegends\LeagueBroadcast2\LeagueBroadcast\Ingame\Data\LBH\PlayerTab.cs:line 24
   at System.Collections.Generic.List`1.ForEach(Action`1 action)
   at LeagueBroadcast.Ingame.Data.LBH.PlayerTab.GetEXPTabs() in F:\Repos\LeagueOfLegends\LeagueBroadcast2\LeagueBroadcast\Ingame\Data\LBH\PlayerTab.cs:line 33
   at LeagueBroadcast.Common.Controllers.IngameController.UpdateInfoPage() in F:\Repos\LeagueOfLegends\LeagueBroadcast2\LeagueBroadcast\Common\Controllers\IngameController.cs:line 279
   at LeagueBroadcast.Common.Controllers.IngameController.DoTick() in F:\Repos\LeagueOfLegends\LeagueBroadcast2\LeagueBroadcast\Common\Controllers\IngameController.cs:line 260
[11-22-45] [WARNING] Could not update State:
System.Private.CoreLib -> Index was out of range. Must be non-negative and less than the size of the collection. (Parameter 'index')
 Stacktrace:
   at System.Collections.Generic.List`1.get_Item(Int32 index)
   at LeagueBroadcast.Ingame.Data.LBH.PlayerTab.<>c__DisplayClass4_0.<GetEXPTabs>b__0(Player p) in F:\Repos\LeagueOfLegends\LeagueBroadcast2\LeagueBroadcast\Ingame\Data\LBH\PlayerTab.cs:line 24
   at System.Collections.Generic.List`1.ForEach(Action`1 action)
   at LeagueBroadcast.Ingame.Data.LBH.PlayerTab.GetEXPTabs() in F:\Repos\LeagueOfLegends\LeagueBroadcast2\LeagueBroadcast\Ingame\Data\LBH\PlayerTab.cs:line 33
   at LeagueBroadcast.Common.Controllers.IngameController.UpdateInfoPage() in F:\Repos\LeagueOfLegends\LeagueBroadcast2\LeagueBroadcast\Common\Controllers\IngameController.cs:line 279
   at LeagueBroadcast.Common.Controllers.IngameController.DoTick() in F:\Repos\LeagueOfLegends\LeagueBroadcast2\LeagueBroadcast\Common\Controllers\IngameController.cs:line 260
[11-22-45] Log Level set to Info
[11-22-45] [WARNING] Could not update State:
System.Private.CoreLib -> Index was out of range. Must be non-negative and less than the size of the collection. (Parameter 'index')
 Stacktrace:
   at System.Collections.Generic.List`1.get_Item(Int32 index)
   at LeagueBroadcast.Ingame.Data.LBH.PlayerTab.<>c__DisplayClass4_0.<GetEXPTabs>b__0(Player p) in F:\Repos\LeagueOfLegends\LeagueBroadcast2\LeagueBroadcast\Ingame\Data\LBH\PlayerTab.cs:line 24
   at System.Collections.Generic.List`1.ForEach(Action`1 action)
   at LeagueBroadcast.Ingame.Data.LBH.PlayerTab.GetEXPTabs() in F:\Repos\LeagueOfLegends\LeagueBroadcast2\LeagueBroadcast\Ingame\Data\LBH\PlayerTab.cs:line 33
   at LeagueBroadcast.Common.Controllers.IngameController.UpdateInfoPage() in F:\Repos\LeagueOfLegends\LeagueBroadcast2\LeagueBroadcast\Common\Controllers\IngameController.cs:line 279
   at LeagueBroadcast.Common.Controllers.IngameController.DoTick() in F:\Repos\LeagueOfLegends\LeagueBroadcast2\LeagueBroadcast\Common\Controllers\IngameController.cs:line 260
[11-22-46] [WARNING] Could not update State:
System.Private.CoreLib -> Index was out of range. Must be non-negative and less than the size of the collection. (Parameter 'index')
 Stacktrace:
   at System.Collections.Generic.List`1.get_Item(Int32 index)
   at LeagueBroadcast.Ingame.Data.LBH.PlayerTab.<>c__DisplayClass4_0.<GetEXPTabs>b__0(Player p) in F:\Repos\LeagueOfLegends\LeagueBroadcast2\LeagueBroadcast\Ingame\Data\LBH\PlayerTab.cs:line 24
   at System.Collections.Generic.List`1.ForEach(Action`1 action)
   at LeagueBroadcast.Ingame.Data.LBH.PlayerTab.GetEXPTabs() in F:\Repos\LeagueOfLegends\LeagueBroadcast2\LeagueBroadcast\Ingame\Data\LBH\PlayerTab.cs:line 33
   at LeagueBroadcast.Common.Controllers.IngameController.UpdateInfoPage() in F:\Repos\LeagueOfLegends\LeagueBroadcast2\LeagueBroadcast\Common\Controllers\IngameController.cs:line 279
   at LeagueBroadcast.Common.Controllers.IngameController.DoTick() in F:\Repos\LeagueOfLegends\LeagueBroadcast2\LeagueBroadcast\Common\Controllers\IngameController.cs:line 260
[11-22-46] [WARNING] Could not update State:
System.Private.CoreLib -> Index was out of range. Must be non-negative and less than the size of the collection. (Parameter 'index')
 Stacktrace:
   at System.Collections.Generic.List`1.get_Item(Int32 index)
   at LeagueBroadcast.Ingame.Data.LBH.PlayerTab.<>c__DisplayClass4_0.<GetEXPTabs>b__0(Player p) in F:\Repos\LeagueOfLegends\LeagueBroadcast2\LeagueBroadcast\Ingame\Data\LBH\PlayerTab.cs:line 24
   at System.Collections.Generic.List`1.ForEach(Action`1 action)
   at LeagueBroadcast.Ingame.Data.LBH.PlayerTab.GetEXPTabs() in F:\Repos\LeagueOfLegends\LeagueBroadcast2\LeagueBroadcast\Ingame\Data\LBH\PlayerTab.cs:line 33
   at LeagueBroadcast.Common.Controllers.IngameController.UpdateInfoPage() in F:\Repos\LeagueOfLegends\LeagueBroadcast2\LeagueBroadcast\Common\Controllers\IngameController.cs:line 279
   at LeagueBroadcast.Common.Controllers.IngameController.DoTick() in F:\Repos\LeagueOfLegends\LeagueBroadcast2\LeagueBroadcast\Common\Controllers\IngameController.cs:line 260
[11-22-47] [WARNING] Could not update State:
System.Private.CoreLib -> Index was out of range. Must be non-negative and less than the size of the collection. (Parameter 'index')
 Stacktrace:
   at System.Collections.Generic.List`1.get_Item(Int32 index)
   at LeagueBroadcast.Ingame.Data.LBH.PlayerTab.<>c__DisplayClass4_0.<GetEXPTabs>b__0(Player p) in F:\Repos\LeagueOfLegends\LeagueBroadcast2\LeagueBroadcast\Ingame\Data\LBH\PlayerTab.cs:line 24
   at System.Collections.Generic.List`1.ForEach(Action`1 action)
   at LeagueBroadcast.Ingame.Data.LBH.PlayerTab.GetEXPTabs() in F:\Repos\LeagueOfLegends\LeagueBroadcast2\LeagueBroadcast\Ingame\Data\LBH\PlayerTab.cs:line 33
   at LeagueBroadcast.Common.Controllers.IngameController.UpdateInfoPage() in F:\Repos\LeagueOfLegends\LeagueBroadcast2\LeagueBroadcast\Common\Controllers\IngameController.cs:line 279
   at LeagueBroadcast.Common.Controllers.IngameController.DoTick() in F:\Repos\LeagueOfLegends\LeagueBroadcast2\LeagueBroadcast\Common\Controllers\IngameController.cs:line 260
[11-22-47] [WARNING] Could not update State:
System.Private.CoreLib -> Index was out of range. Must be non-negative and less than the size of the collection. (Parameter 'index')
 Stacktrace:
   at System.Collections.Generic.List`1.get_Item(Int32 index)
   at LeagueBroadcast.Ingame.Data.LBH.PlayerTab.<>c__DisplayClass4_0.<GetEXPTabs>b__0(Player p) in F:\Repos\LeagueOfLegends\LeagueBroadcast2\LeagueBroadcast\Ingame\Data\LBH\PlayerTab.cs:line 24
   at System.Collections.Generic.List`1.ForEach(Action`1 action)
   at LeagueBroadcast.Ingame.Data.LBH.PlayerTab.GetEXPTabs() in F:\Repos\LeagueOfLegends\LeagueBroadcast2\LeagueBroadcast\Ingame\Data\LBH\PlayerTab.cs:line 33
   at LeagueBroadcast.Common.Controllers.IngameController.UpdateInfoPage() in F:\Repos\LeagueOfLegends\LeagueBroadcast2\LeagueBroadcast\Common\Controllers\IngameController.cs:line 279
   at LeagueBroadcast.Common.Controllers.IngameController.DoTick() in F:\Repos\LeagueOfLegends\LeagueBroadcast2\LeagueBroadcast\Common\Controllers\IngameController.cs:line 260
[11-22-48] [WARNING] Could not update State:
System.Private.CoreLib -> Index was out of range. Must be non-negative and less than the size of the collection. (Parameter 'index')
 Stacktrace:
   at System.Collections.Generic.List`1.get_Item(Int32 index)
   at LeagueBroadcast.Ingame.Data.LBH.PlayerTab.<>c__DisplayClass4_0.<GetEXPTabs>b__0(Player p) in F:\Repos\LeagueOfLegends\LeagueBroadcast2\LeagueBroadcast\Ingame\Data\LBH\PlayerTab.cs:line 24
   at System.Collections.Generic.List`1.ForEach(Action`1 action)
   at LeagueBroadcast.Ingame.Data.LBH.PlayerTab.GetEXPTabs() in F:\Repos\LeagueOfLegends\LeagueBroadcast2\LeagueBroadcast\Ingame\Data\LBH\PlayerTab.cs:line 33
   at LeagueBroadcast.Common.Controllers.IngameController.UpdateInfoPage() in F:\Repos\LeagueOfLegends\LeagueBroadcast2\LeagueBroadcast\Common\Controllers\IngameController.cs:line 279
   at LeagueBroadcast.Common.Controllers.IngameController.DoTick() in F:\Repos\LeagueOfLegends\LeagueBroadcast2\LeagueBroadcast\Common\Controllers\IngameController.cs:line 260
[11-22-48] [WARNING] Could not update State:
System.Private.CoreLib -> Index was out of range. Must be non-negative and less than the size of the collection. (Parameter 'index')
 Stacktrace:
   at System.Collections.Generic.List`1.get_Item(Int32 index)
   at LeagueBroadcast.Ingame.Data.LBH.PlayerTab.<>c__DisplayClass4_0.<GetEXPTabs>b__0(Player p) in F:\Repos\LeagueOfLegends\LeagueBroadcast2\LeagueBroadcast\Ingame\Data\LBH\PlayerTab.cs:line 24
   at System.Collections.Generic.List`1.ForEach(Action`1 action)
   at LeagueBroadcast.Ingame.Data.LBH.PlayerTab.GetEXPTabs() in F:\Repos\LeagueOfLegends\LeagueBroadcast2\LeagueBroadcast\Ingame\Data\LBH\PlayerTab.cs:line 33
   at LeagueBroadcast.Common.Controllers.IngameController.UpdateInfoPage() in F:\Repos\LeagueOfLegends\LeagueBroadcast2\LeagueBroadcast\Common\Controllers\IngameController.cs:line 279
   at LeagueBroadcast.Common.Controllers.IngameController.DoTick() in F:\Repos\LeagueOfLegends\LeagueBroadcast2\LeagueBroadcast\Common\Controllers\IngameController.cs:line 260
[11-22-49] [WARNING] Could not update State:
System.Private.CoreLib -> Index was out of range. Must be non-negative and less than the size of the collection. (Parameter 'index')
 Stacktrace:
   at System.Collections.Generic.List`1.get_Item(Int32 index)
   at LeagueBroadcast.Ingame.Data.LBH.PlayerTab.<>c__DisplayClass4_0.<GetEXPTabs>b__0(Player p) in F:\Repos\LeagueOfLegends\LeagueBroadcast2\LeagueBroadcast\Ingame\Data\LBH\PlayerTab.cs:line 24
   at System.Collections.Generic.List`1.ForEach(Action`1 action)
   at LeagueBroadcast.Ingame.Data.LBH.PlayerTab.GetEXPTabs() in F:\Repos\LeagueOfLegends\LeagueBroadcast2\LeagueBroadcast\Ingame\Data\LBH\PlayerTab.cs:line 33
   at LeagueBroadcast.Common.Controllers.IngameController.UpdateInfoPage() in F:\Repos\LeagueOfLegends\LeagueBroadcast2\LeagueBroadcast\Common\Controllers\IngameController.cs:line 279
   at LeagueBroadcast.Common.Controllers.IngameController.DoTick() in F:\Repos\LeagueOfLegends\LeagueBroadcast2\LeagueBroadcast\Common\Controllers\IngameController.cs:line 260
[11-22-49] Player 0 finished Item 3036
[11-22-49] [WARNING] Could not update State:
System.Private.CoreLib -> Index was out of range. Must be non-negative and less than the size of the collection. (Parameter 'index')
 Stacktrace:
   at System.Collections.Generic.List`1.get_Item(Int32 index)
   at LeagueBroadcast.Ingame.Data.LBH.PlayerTab.<>c__DisplayClass4_0.<GetEXPTabs>b__0(Player p) in F:\Repos\LeagueOfLegends\LeagueBroadcast2\LeagueBroadcast\Ingame\Data\LBH\PlayerTab.cs:line 24
   at System.Collections.Generic.List`1.ForEach(Action`1 action)
   at LeagueBroadcast.Ingame.Data.LBH.PlayerTab.GetEXPTabs() in F:\Repos\LeagueOfLegends\LeagueBroadcast2\LeagueBroadcast\Ingame\Data\LBH\PlayerTab.cs:line 33
   at LeagueBroadcast.Common.Controllers.IngameController.UpdateInfoPage() in F:\Repos\LeagueOfLegends\LeagueBroadcast2\LeagueBroadcast\Common\Controllers\IngameController.cs:line 279
   at LeagueBroadcast.Common.Controllers.IngameController.DoTick() in F:\Repos\LeagueOfLegends\LeagueBroadcast2\LeagueBroadcast\Common\Controllers\IngameController.cs:line 260
[11-22-50] [WARNING] Could not update State:
System.Private.CoreLib -> Index was out of range. Must be non-negative and less than the size of the collection. (Parameter 'index')
 Stacktrace:
   at System.Collections.Generic.List`1.get_Item(Int32 index)
   at LeagueBroadcast.Ingame.Data.LBH.PlayerTab.<>c__DisplayClass4_0.<GetEXPTabs>b__0(Player p) in F:\Repos\LeagueOfLegends\LeagueBroadcast2\LeagueBroadcast\Ingame\Data\LBH\PlayerTab.cs:line 24
   at System.Collections.Generic.List`1.ForEach(Action`1 action)
   at LeagueBroadcast.Ingame.Data.LBH.PlayerTab.GetEXPTabs() in F:\Repos\LeagueOfLegends\LeagueBroadcast2\LeagueBroadcast\Ingame\Data\LBH\PlayerTab.cs:line 33
   at LeagueBroadcast.Common.Controllers.IngameController.UpdateInfoPage() in F:\Repos\LeagueOfLegends\LeagueBroadcast2\LeagueBroadcast\Common\Controllers\IngameController.cs:line 279
   at LeagueBroadcast.Common.Controllers.IngameController.DoTick() in F:\Repos\LeagueOfLegends\LeagueBroadcast2\LeagueBroadcast\Common\Controllers\IngameController.cs:line 260
[11-22-50] [WARNING] Could not update State:
System.Private.CoreLib -> Index was out of range. Must be non-negative and less than the size of the collection. (Parameter 'index')
 Stacktrace:
   at System.Collections.Generic.List`1.get_Item(Int32 index)
   at LeagueBroadcast.Ingame.Data.LBH.PlayerTab.<>c__DisplayClass4_0.<GetEXPTabs>b__0(Player p) in F:\Repos\LeagueOfLegends\LeagueBroadcast2\LeagueBroadcast\Ingame\Data\LBH\PlayerTab.cs:line 24
   at System.Collections.Generic.List`1.ForEach(Action`1 action)
   at LeagueBroadcast.Ingame.Data.LBH.PlayerTab.GetEXPTabs() in F:\Repos\LeagueOfLegends\LeagueBroadcast2\LeagueBroadcast\Ingame\Data\LBH\PlayerTab.cs:line 33
   at LeagueBroadcast.Common.Controllers.IngameController.UpdateInfoPage() in F:\Repos\LeagueOfLegends\LeagueBroadcast2\LeagueBroadcast\Common\Controllers\IngameController.cs:line 279
   at LeagueBroadcast.Common.Controllers.IngameController.DoTick() in F:\Repos\LeagueOfLegends\LeagueBroadcast2\LeagueBroadcast\Common\Controllers\IngameController.cs:line 260
[11-22-51] [WARNING] Could not update State:
System.Private.CoreLib -> Index was out of range. Must be non-negative and less than the size of the collection. (Parameter 'index')
 Stacktrace:
   at System.Collections.Generic.List`1.get_Item(Int32 index)
   at LeagueBroadcast.Ingame.Data.LBH.PlayerTab.<>c__DisplayClass4_0.<GetEXPTabs>b__0(Player p) in F:\Repos\LeagueOfLegends\LeagueBroadcast2\LeagueBroadcast\Ingame\Data\LBH\PlayerTab.cs:line 24
   at System.Collections.Generic.List`1.ForEach(Action`1 action)
   at LeagueBroadcast.Ingame.Data.LBH.PlayerTab.GetEXPTabs() in F:\Repos\LeagueOfLegends\LeagueBroadcast2\LeagueBroadcast\Ingame\Data\LBH\PlayerTab.cs:line 33
   at LeagueBroadcast.Common.Controllers.IngameController.UpdateInfoPage() in F:\Repos\LeagueOfLegends\LeagueBroadcast2\LeagueBroadcast\Common\Controllers\IngameController.cs:line 279
   at LeagueBroadcast.Common.Controllers.IngameController.DoTick() in F:\Repos\LeagueOfLegends\LeagueBroadcast2\LeagueBroadcast\Common\Controllers\IngameController.cs:line 260
[11-22-51] [WARNING] Could not update State:
System.Private.CoreLib -> Index was out of range. Must be non-negative and less than the size of the collection. (Parameter 'index')
 Stacktrace:
   at System.Collections.Generic.List`1.get_Item(Int32 index)
   at LeagueBroadcast.Ingame.Data.LBH.PlayerTab.<>c__DisplayClass4_0.<GetEXPTabs>b__0(Player p) in F:\Repos\LeagueOfLegends\LeagueBroadcast2\LeagueBroadcast\Ingame\Data\LBH\PlayerTab.cs:line 24
   at System.Collections.Generic.List`1.ForEach(Action`1 action)
   at LeagueBroadcast.Ingame.Data.LBH.PlayerTab.GetEXPTabs() in F:\Repos\LeagueOfLegends\LeagueBroadcast2\LeagueBroadcast\Ingame\Data\LBH\PlayerTab.cs:line 33
   at LeagueBroadcast.Common.Controllers.IngameController.UpdateInfoPage() in F:\Repos\LeagueOfLegends\LeagueBroadcast2\LeagueBroadcast\Common\Controllers\IngameController.cs:line 279
   at LeagueBroadcast.Common.Controllers.IngameController.DoTick() in F:\Repos\LeagueOfLegends\LeagueBroadcast2\LeagueBroadcast\Common\Controllers\IngameController.cs:line 260
[11-22-52] [WARNING] Could not update State:
System.Private.CoreLib -> Index was out of range. Must be non-negative and less than the size of the collection. (Parameter 'index')
 Stacktrace:
   at System.Collections.Generic.List`1.get_Item(Int32 index)
   at LeagueBroadcast.Ingame.Data.LBH.PlayerTab.<>c__DisplayClass4_0.<GetEXPTabs>b__0(Player p) in F:\Repos\LeagueOfLegends\LeagueBroadcast2\LeagueBroadcast\Ingame\Data\LBH\PlayerTab.cs:line 24
   at System.Collections.Generic.List`1.ForEach(Action`1 action)
   at LeagueBroadcast.Ingame.Data.LBH.PlayerTab.GetEXPTabs() in F:\Repos\LeagueOfLegends\LeagueBroadcast2\LeagueBroadcast\Ingame\Data\LBH\PlayerTab.cs:line 33
   at LeagueBroadcast.Common.Controllers.IngameController.UpdateInfoPage() in F:\Repos\LeagueOfLegends\LeagueBroadcast2\LeagueBroadcast\Common\Controllers\IngameController.cs:line 279
   at LeagueBroadcast.Common.Controllers.IngameController.DoTick() in F:\Repos\LeagueOfLegends\LeagueBroadcast2\LeagueBroadcast\Common\Controllers\IngameController.cs:line 260
[11-22-52] [WARNING] Could not update State:
System.Private.CoreLib -> Index was out of range. Must be non-negative and less than the size of the collection. (Parameter 'index')
 Stacktrace:
   at LeagueBroadcast.Ingame.Data.LBH.PlayerTab.<>c__DisplayClass4_0.<GetEXPTabs>b__0(Player p) in F:\Repos\LeagueOfLegends\LeagueBroadcast2\LeagueBroadcast\Ingame\Data\LBH\PlayerTab.cs:line 24
   at System.Collections.Generic.List`1.ForEach(Action`1 action)
   at LeagueBroadcast.Ingame.Data.LBH.PlayerTab.GetEXPTabs() in F:\Repos\LeagueOfLegends\LeagueBroadcast2\LeagueBroadcast\Ingame\Data\LBH\PlayerTab.cs:line 33
   at LeagueBroadcast.Common.Controllers.IngameController.UpdateInfoPage() in F:\Repos\LeagueOfLegends\LeagueBroadcast2\LeagueBroadcast\Common\Controllers\IngameController.cs:line 279
   at LeagueBroadcast.Common.Controllers.IngameController.DoTick() in F:\Repos\LeagueOfLegends\LeagueBroadcast2\LeagueBroadcast\Common\Controllers\IngameController.cs:line 260
[11-22-53] [WARNING] Could not update State:
System.Private.CoreLib -> Index was out of range. Must be non-negative and less than the size of the collection. (Parameter 'index')
 Stacktrace:
   at LeagueBroadcast.Ingame.Data.LBH.PlayerTab.<>c__DisplayClass4_0.<GetEXPTabs>b__0(Player p) in F:\Repos\LeagueOfLegends\LeagueBroadcast2\LeagueBroadcast\Ingame\Data\LBH\PlayerTab.cs:line 24
   at System.Collections.Generic.List`1.ForEach(Action`1 action)
   at LeagueBroadcast.Ingame.Data.LBH.PlayerTab.GetEXPTabs() in F:\Repos\LeagueOfLegends\LeagueBroadcast2\LeagueBroadcast\Ingame\Data\LBH\PlayerTab.cs:line 33
   at LeagueBroadcast.Common.Controllers.IngameController.UpdateInfoPage() in F:\Repos\LeagueOfLegends\LeagueBroadcast2\LeagueBroadcast\Common\Controllers\IngameController.cs:line 279
   at LeagueBroadcast.Common.Controllers.IngameController.DoTick() in F:\Repos\LeagueOfLegends\LeagueBroadcast2\LeagueBroadcast\Common\Controllers\IngameController.cs:line 260
[11-22-58] Player 7 finished Item 3089
[11-23-46] Ingame.json change detected
[11-23-47] Found Ingame.json. Reading values
[11-23-47] Config Ingame loaded
[11-23-57] Saving all configs to file
[11-23-57] Writing PickBan config to file
[11-23-57] Updated PickBan config file
[11-23-57] Writing Component config to file
[11-23-57] Updated Component config file
[11-23-57] Writing Farsight config to file
[11-23-57] Updated Farsight config file
[11-23-57] Writing Ingame config to file
[11-23-57] Updated Ingame config file
[11-23-57] Configs saved
