[14-15-32] Logging Init
[14-15-32] Starting Config Controller
[14-15-32] Config Provider started
[14-15-32] Looking for config files at /Config
[14-15-32] Found PickBan.json. Reading values
[14-15-32] {
  "frontend": {
    "scoreEnabled": true,
    "spellsEnabled": true,
    "coachesEnabled": false,
    "blueTeam": {
      "name": "BOOMSLANG",
      "nameTag": "BSG",
      "score": 0,
      "coach": "Haaty",
      "color": "rgb(38,38,38)"
    },
    "redTeam": {
      "name": "STORMTIGER",
      "nameTag": "STT",
      "score": 0,
      "coach": "Daisuke",
      "color": "rgb(242,179,61)"
    },
    "patch": "11.21.1"
  },
  "FileVersion": "1.0"
}
[14-15-32] Config PickBan loaded
[14-15-32] Found Ingame.json. Reading values
[14-15-32] {
  "Inhib": {
    "Position": {
      "X": 0.0,
      "Y": 845.0
    },
    "Size": {
      "X": 306.0,
      "Y": 118.0
    },
    "UseBackgroundImage": true,
    "UseBackgroundVideo": false,
    "Color": "rgba(19,24,63,255)",
    "Font": {
      "Style": "Normal",
      "Name": "News Cycle",
      "Size": "15px",
      "Align": "right",
      "Color": "rgb(255,255,255)"
    },
    "IconSize": 40.0,
    "HideWhenNoneDestroyed": true,
    "UseTeamColors": true,
    "BlueTeam": {
      "Position": {
        "X": 40.0,
        "Y": 20.0
      },
      "LaneOffset": {
        "X": 100.0,
        "Y": 0.0
      },
      "UseTeamColor": true,
      "Color": "rgb(0,0,0)",
      "IconOffset": {
        "X": 10.0,
        "Y": -24.0
      }
    },
    "RedTeam": {
      "Position": {
        "X": 40.0,
        "Y": 80.0
      },
      "LaneOffset": {
        "X": 100.0,
        "Y": 0.0
      },
      "UseTeamColor": true,
      "Color": "rgb(255,255,255)",
      "IconOffset": {
        "X": 10.0,
        "Y": -24.0
      }
    },
    "LaneOrder": [
      "bot",
      "mid",
      "top"
    ]
  },
  "Score": {
    "Position": {
      "X": 960.0,
      "Y": 0.0
    },
    "Size": {
      "X": 1280.0,
      "Y": 110.0
    },
    "TimeFont": {
      "Style": "Bold",
      "Name": "Montserrat",
      "Size": "25px",
      "Align": "center",
      "Color": "rgb(255,255,255)"
    },
    "TimePosition": {
      "X": 0.0,
      "Y": 95.0
    },
    "BlueTeam": {
      "Kills": {
        "Position": {
          "X": -90.0,
          "Y": 7.0
        },
        "Font": {
          "Style": "Bold",
          "Name": "Montserrat",
          "Size": "45px",
          "Align": "right",
          "Color": "rgb(38,38,38)"
        },
        "Icon": {
          "Name": "KillsIcon",
          "Size": {
            "X": 100.0,
            "Y": 100.0
          },
          "Offset": {
            "X": 0.0,
            "Y": 0.0
          }
        }
      },
      "Towers": {
        "Position": {
          "X": -362.0,
          "Y": 20.0
        },
        "Font": {
          "Style": "Bold",
          "Name": "Montserrat",
          "Size": "26px",
          "Align": "right",
          "Color": "rgb(38,38,38)"
        },
        "Icon": {
          "Name": "TowerIcon",
          "Size": {
            "X": 0.0,
            "Y": 0.0
          },
          "Offset": {
            "X": 35.0,
            "Y": 13.0
          }
        }
      },
      "Gold": {
        "Position": {
          "X": -210.0,
          "Y": 20.0
        },
        "Font": {
          "Style": "Bold",
          "Name": "Montserrat",
          "Size": "26px",
          "Align": "right",
          "Color": "rgb(38,38,38)"
        },
        "Icon": {
          "Name": "GoldIcon",
          "Size": {
            "X": 0.0,
            "Y": 0.0
          },
          "Offset": {
            "X": 50.0,
            "Y": 13.0
          }
        }
      },
      "Drakes": {
        "Position": {
          "X": -80.0,
          "Y": 94.0
        },
        "Offset": {
          "X": -18.0,
          "Y": 0.0
        }
      },
      "Name": {
        "UseTag": true,
        "Position": {
          "X": -540.0,
          "Y": 12.0
        },
        "AdaptiveFontSize": true,
        "MaxSize": {
          "X": 100.0,
          "Y": 50.0
        },
        "Font": {
          "Style": "Bold",
          "Name": "Montserrat",
          "Size": "40px",
          "Align": "left",
          "Color": "rgb(38,38,38)"
        }
      },
      "Icon": {
        "Position": {
          "X": -600.0,
          "Y": 33.0
        },
        "Size": {
          "X": 55.0,
          "Y": 55.0
        },
        "UseBackground": false,
        "BackgroundOffset": {
          "X": -10.0,
          "Y": 0.0
        }
      },
      "Score": {
        "Position": {
          "X": -380.0,
          "Y": 70.0
        },
        "NumberFont": {
          "Style": "Normal",
          "Name": "News Cycle",
          "Size": "15px",
          "Align": "right",
          "Color": "rgb(255,255,255)"
        },
        "UseCircleIcons": true,
        "CircleOffset": {
          "X": 25.0,
          "Y": 0.0
        },
        "CircleRadius": 10.0,
        "UseTeamColor": true,
        "StrokeColor": "rgb(255,255,255)",
        "FillColor": "rgb(255,255,255)"
      }
    },
    "RedTeam": {
      "Kills": {
        "Position": {
          "X": 90.0,
          "Y": 5.0
        },
        "Font": {
          "Style": "Bold",
          "Name": "Montserrat",
          "Size": "50px",
          "Align": "left",
          "Color": "rgb(242,176,61)"
        },
        "Icon": {
          "Name": "KillsIcon",
          "Size": {
            "X": 100.0,
            "Y": 100.0
          },
          "Offset": {
            "X": 0.0,
            "Y": 0.0
          }
        }
      },
      "Towers": {
        "Position": {
          "X": 364.0,
          "Y": 20.0
        },
        "Font": {
          "Style": "Bold",
          "Name": "Montserrat",
          "Size": "26px",
          "Align": "left",
          "Color": "rgb(242,176,61)"
        },
        "Icon": {
          "Name": "TowerIcon",
          "Size": {
            "X": 0.0,
            "Y": 0.0
          },
          "Offset": {
            "X": -35.0,
            "Y": 13.0
          }
        }
      },
      "Gold": {
        "Position": {
          "X": 210.0,
          "Y": 20.0
        },
        "Font": {
          "Style": "Bold",
          "Name": "Montserrat",
          "Size": "26px",
          "Align": "left",
          "Color": "rgb(242,176,61)"
        },
        "Icon": {
          "Name": "GoldIcon",
          "Size": {
            "X": 0.0,
            "Y": 0.0
          },
          "Offset": {
            "X": -35.0,
            "Y": 13.0
          }
        }
      },
      "Drakes": {
        "Position": {
          "X": 80.0,
          "Y": 94.0
        },
        "Offset": {
          "X": 18.0,
          "Y": 0.0
        }
      },
      "Name": {
        "UseTag": true,
        "Position": {
          "X": 510.0,
          "Y": 12.0
        },
        "AdaptiveFontSize": true,
        "MaxSize": {
          "X": 100.0,
          "Y": 50.0
        },
        "Font": {
          "Style": "Bold",
          "Name": "Montserrat",
          "Size": "40px",
          "Align": "right",
          "Color": "rgb(242,176,61)"
        }
      },
      "Icon": {
        "Position": {
          "X": 600.0,
          "Y": 33.0
        },
        "Size": {
          "X": 55.0,
          "Y": 55.0
        },
        "UseBackground": false,
        "BackgroundOffset": {
          "X": 10.0,
          "Y": 0.0
        }
      },
      "Score": {
        "Position": {
          "X": 380.0,
          "Y": 70.0
        },
        "NumberFont": {
          "Style": "Normal",
          "Name": "News Cycle",
          "Size": "15px",
          "Align": "left",
          "Color": "rgb(255,255,255)"
        },
        "UseCircleIcons": true,
        "CircleOffset": {
          "X": -25.0,
          "Y": 0.0
        },
        "CircleRadius": 10.0,
        "UseTeamColor": true,
        "StrokeColor": "rgb(255,255,255)",
        "FillColor": "rgb(255,255,255)"
      }
    },
    "Background": {
      "UseImage": true,
      "UseVideo": false,
      "UseAlpha": false,
      "FallbackColor": "rgba(0,0,0,0)"
    },
    "Misc": {
      "Animation": "Simple",
      "ShowCenterIcon": true,
      "CenterIconPosition": {
        "X": 3.0,
        "Y": 33.0
      },
      "CenterIconSize": {
        "X": 0.0,
        "Y": 0.0
      },
      "DrakeIconSize": {
        "X": 20.0,
        "Y": 20.0
      }
    }
  },
  "ObjectiveKill": {
    "ShowTeamIcon": false,
    "SoulPointScoreboardPopUp": {
      "Enabled": false,
      "UseImage": false,
      "UseVideo": false,
      "UseAlpha": true,
      "ForceDisplayDurationForVideo": true,
      "DisplayDuration": 2000.0,
      "AnimationDuration": 1000.0
    },
    "ElderKillScoreboardPopUp": {
      "Enabled": false,
      "UseImage": false,
      "UseVideo": false,
      "UseAlpha": true,
      "ForceDisplayDurationForVideo": true,
      "DisplayDuration": 2000.0,
      "AnimationDuration": 1000.0
    },
    "DragonKillScoreboardPopUp": {
      "Enabled": false,
      "UseImage": false,
      "UseVideo": true,
      "UseAlpha": true,
      "ForceDisplayDurationForVideo": true,
      "DisplayDuration": 2000.0,
      "AnimationDuration": 1000.0
    },
    "BaronKillScoreboardPopUp": {
      "Enabled": false,
      "UseImage": false,
      "UseVideo": true,
      "UseAlpha": true,
      "ForceDisplayDurationForVideo": true,
      "DisplayDuration": 2000.0,
      "AnimationDuration": 1000.0
    },
    "HeraldKillScoreboardPopUp": {
      "Enabled": false,
      "UseImage": false,
      "UseVideo": true,
      "UseAlpha": true,
      "ForceDisplayDurationForVideo": true,
      "DisplayDuration": 2000.0,
      "AnimationDuration": 1000.0
    }
  },
  "ObjectiveSpawn": {
    "BaronSpawnScoreboardPopUp": {
      "Enabled": false,
      "UseImage": false,
      "UseVideo": true,
      "UseAlpha": true,
      "ForceDisplayDurationForVideo": false,
      "DisplayDuration": 2000.0,
      "AnimationDuration": 1000.0
    },
    "DrakeSpawnScoreboardPopUp": {
      "Enabled": false,
      "UseImage": false,
      "UseVideo": false,
      "UseAlpha": true,
      "ForceDisplayDurationForVideo": false,
      "DisplayDuration": 2000.0,
      "AnimationDuration": 1000.0
    },
    "HeraldSpawnScoreboardPopUp": {
      "Enabled": false,
      "UseImage": false,
      "UseVideo": false,
      "UseAlpha": true,
      "ForceDisplayDurationForVideo": false,
      "DisplayDuration": 2000.0,
      "AnimationDuration": 1000.0
    }
  },
  "ItemComplete": {
    "UseCustomVideo": true,
    "ShowItemName": true,
    "ShowOnScoreboard": false,
    "ShowOnChampionIndicator": true,
    "InfoText": {
      "Style": "Bold",
      "Name": "Montserrat",
      "Size": "20px",
      "Align": "center",
      "Color": "rgb(255,255,255)"
    },
    "ItemAnimationStates": [
      {
        "Scale": 0.0,
        "Alpha": 0.0,
        "Position": {
          "X": 0.0,
          "Y": 0.0
        },
        "Mirror": false,
        "Duration": 0.0,
        "Ease": "",
        "Delay": 0.0
      },
      {
        "Scale": 1.0,
        "Alpha": 1.0,
        "Position": {
          "X": 0.0,
          "Y": 0.0
        },
        "Mirror": false,
        "Duration": 400.0,
        "Ease": "Quad.easeIn",
        "Delay": 0.0
      },
      {
        "Scale": 1.1,
        "Alpha": 1.0,
        "Position": {
          "X": 0.0,
          "Y": 0.0
        },
        "Mirror": false,
        "Duration": 3200.0,
        "Ease": "Linear",
        "Delay": 0.0
      },
      {
        "Scale": 2.5,
        "Alpha": 0.0,
        "Position": {
          "X": 0.0,
          "Y": 0.0
        },
        "Mirror": false,
        "Duration": 400.0,
        "Ease": "Quad.easeOut",
        "Delay": 0.0
      }
    ],
    "InfoTextAnimationStates": [
      {
        "Scale": 1.0,
        "Alpha": 0.0,
        "Position": {
          "X": 55.0,
          "Y": 0.0
        },
        "Mirror": true,
        "Duration": 0.0,
        "Ease": "",
        "Delay": 0.0
      },
      {
        "Scale": 1.0,
        "Alpha": 1.0,
        "Position": {
          "X": 55.0,
          "Y": 0.0
        },
        "Mirror": true,
        "Duration": 200.0,
        "Ease": "Quad.easeOut",
        "Delay": 1000.0
      },
      {
        "Scale": 1.0,
        "Alpha": 0.0,
        "Position": {
          "X": 55.0,
          "Y": 0.0
        },
        "Mirror": true,
        "Duration": 200.0,
        "Ease": "Quad.easeIn",
        "Delay": 1800.0
      }
    ],
    "InfoBackgroundAnimationStates": [
      {
        "Scale": 1.0,
        "Alpha": 1.0,
        "Position": {
          "X": 0.0,
          "Y": 80.0
        },
        "Mirror": false,
        "Duration": 0.0,
        "Ease": "",
        "Delay": 0.0
      },
      {
        "Scale": 1.0,
        "Alpha": 1.0,
        "Position": {
          "X": 0.0,
          "Y": 0.0
        },
        "Mirror": false,
        "Duration": 200.0,
        "Ease": "Quad.easeOut",
        "Delay": 800.0
      },
      {
        "Scale": 1.0,
        "Alpha": 1.0,
        "Position": {
          "X": 0.0,
          "Y": -80.0
        },
        "Mirror": false,
        "Duration": 200.0,
        "Ease": "Quad.easeIn",
        "Delay": 2200.0
      }
    ]
  },
  "LevelUp": {
    "UseCustomVideo": false,
    "ShowOnScoreboard": false,
    "ShowOnChampionIndicator": true,
    "LevelFont": {
      "Style": "Bold",
      "Name": "Montserrat",
      "Size": "60px",
      "Align": "center",
      "Color": "rgb(255,255,255)"
    },
    "UseTeamColors": true,
    "OrderColor": "rgb(0,0,255)",
    "ChaosColor": "rgb(255,0,0)",
    "NumberAnimationStates": [
      {
        "Scale": 1.0,
        "Alpha": 1.0,
        "Position": {
          "X": 0.0,
          "Y": 70.0
        },
        "Mirror": true,
        "Duration": 0.0,
        "Ease": "",
        "Delay": 0.0
      },
      {
        "Scale": 1.0,
        "Alpha": 1.0,
        "Position": {
          "X": 0.0,
          "Y": -30.0
        },
        "Mirror": true,
        "Duration": 300.0,
        "Ease": "Quad.easeOut",
        "Delay": 250.0
      },
      {
        "Scale": 1.0,
        "Alpha": 1.0,
        "Position": {
          "X": 0.0,
          "Y": -130.0
        },
        "Mirror": true,
        "Duration": 400.0,
        "Ease": "Quad.easeIn",
        "Delay": 3500.0
      }
    ],
    "BackgroundAnimationStates": [
      {
        "Scale": 1.0,
        "Alpha": 1.0,
        "Position": {
          "X": 0.0,
          "Y": 100.0
        },
        "Mirror": false,
        "Duration": 0.0,
        "Ease": "",
        "Delay": 0.0
      },
      {
        "Scale": 1.0,
        "Alpha": 1.0,
        "Position": {
          "X": 0.0,
          "Y": 0.0
        },
        "Mirror": false,
        "Duration": 300.0,
        "Ease": "Quad.easeOut",
        "Delay": 250.0
      },
      {
        "Scale": 1.0,
        "Alpha": 1.0,
        "Position": {
          "X": -90.0,
          "Y": 0.0
        },
        "Mirror": true,
        "Duration": 400.0,
        "Ease": "Quad.easeIn",
        "Delay": 4000.0
      }
    ]
  },
  "InfoPage": {
    "Position": {
      "X": 0.0,
      "Y": 135.0
    },
    "Title": {
      "Enabled": true,
      "Position": {
        "Gold": {
          "X": 150.0,
          "Y": 15.0
        },
        "XP": {
          "X": 150.0,
          "Y": 15.0
        },
        "CSPM": {
          "X": 150.0,
          "Y": 15.0
        }
      },
      "Font": {
        "Style": "Bold",
        "Name": "Montserrat",
        "Size": "26px",
        "Align": "center",
        "Color": "rgb(0,0,0)"
      }
    },
    "TitleHeight": 45.0,
    "TabConfig": {
      "TabSize": {
        "X": 300.0,
        "Y": 55.0
      },
      "UseTeamColorsText": false,
      "OrderColor": "rgb(255,255,255)",
      "ChaosColor": "rgb(255,255,255)",
      "ChampIcon": {
        "Enabled": true,
        "Position": {
          "Gold": {
            "X": 4.0,
            "Y": 8.0
          },
          "XP": {
            "X": 4.0,
            "Y": 8.0
          },
          "CSPM": {
            "X": 4.0,
            "Y": 8.0
          }
        },
        "Size": {
          "X": 42.0,
          "Y": 42.0
        }
      },
      "Separator": {
        "Enabled": true,
        "Position": {
          "Gold": {
            "X": 0.0,
            "Y": 0.0
          },
          "XP": {
            "X": 0.0,
            "Y": 0.0
          },
          "CSPM": {
            "X": 0.0,
            "Y": 0.0
          }
        },
        "Size": {
          "X": 300.0,
          "Y": 2.0
        }
      },
      "PlayerName": {
        "Enabled": true,
        "Position": {
          "Gold": {
            "X": 54.0,
            "Y": 6.0
          },
          "XP": {
            "X": 54.0,
            "Y": 6.0
          },
          "CSPM": {
            "X": 54.0,
            "Y": 6.0
          }
        },
        "Font": {
          "Style": "Normal",
          "Name": "Montserrat",
          "Size": "15px",
          "Align": "left",
          "Color": "rgb(0,0,0)"
        }
      },
      "MinValue": {
        "Enabled": true,
        "Position": {
          "Gold": {
            "X": 54.0,
            "Y": 22.0
          },
          "XP": {
            "X": 54.0,
            "Y": 22.0
          },
          "CSPM": {
            "X": 54.0,
            "Y": 22.0
          }
        },
        "Font": {
          "Style": "Normal",
          "Name": "Montserrat",
          "Size": "15px",
          "Align": "left",
          "Color": "rgb(0,0,0)"
        }
      },
      "CurrentValue": {
        "Enabled": true,
        "Position": {
          "Gold": {
            "X": 270.0,
            "Y": 15.0
          },
          "XP": {
            "X": 280.0,
            "Y": 15.0
          },
          "CSPM": {
            "X": 280.0,
            "Y": 15.0
          }
        },
        "Font": {
          "Style": "Bold",
          "Name": "Montserrat",
          "Size": "20px",
          "Align": "center",
          "Color": "rgb(0,0,0)"
        }
      },
      "MaxValue": {
        "Enabled": true,
        "Position": {
          "Gold": {
            "X": 230.0,
            "Y": 22.0
          },
          "XP": {
            "X": 260.0,
            "Y": 22.0
          },
          "CSPM": {
            "X": 260.0,
            "Y": 22.0
          }
        },
        "Font": {
          "Style": "Bold",
          "Name": "Montserrat",
          "Size": "15px",
          "Align": "right",
          "Color": "rgb(0,0,0)"
        }
      },
      "ProgressBar": {
        "Enabled": true,
        "Position": {
          "Gold": {
            "X": 52.0,
            "Y": 40.0
          },
          "XP": {
            "X": 52.0,
            "Y": 40.0
          },
          "CSPM": {
            "X": 52.0,
            "Y": 40.0
          }
        },
        "Size": {
          "Gold": {
            "X": 180.0,
            "Y": 10.0
          },
          "XP": {
            "X": 210.0,
            "Y": 10.0
          },
          "CSPM": {
            "X": 210.0,
            "Y": 10.0
          }
        },
        "UseTeamColors": true,
        "DefaultColor": "rgb(255,255,255)",
        "OrderColor": "rgb(222,40,70)",
        "ChaosColor": "rgb(0,151,196)",
        "Animate": true
      }
    },
    "Background": {
      "UseImage": true,
      "UseVideo": false,
      "UseAlpha": false,
      "FallbackColor": "rgb(0, 0, 0)",
      "Size": {
        "X": 300.0,
        "Y": 600.0
      }
    }
  },
  "GoldGraph": {
    "Position": {
      "X": 965.0,
      "Y": 849.0
    },
    "Size": {
      "X": 750.0,
      "Y": 250.0
    },
    "Background": {
      "UseImage": false,
      "UseVideo": false,
      "UseAlpha": false,
      "FallbackColor": "rgba(238,239,228,0)"
    },
    "Title": {
      "Enabled": true,
      "Position": {
        "X": 0.0,
        "Y": 10.0
      },
      "Font": {
        "Style": "Bold",
        "Name": "Montserrat",
        "Size": "22px",
        "Align": "left",
        "Color": "rgb(0,0,0)"
      },
      "Text": "DIFERENÇA DE OURO - PREDICT STUDIO"
    },
    "Graph": {
      "Position": {
        "X": 5.0,
        "Y": 40.0
      },
      "Size": {
        "X": 710.0,
        "Y": 190.0
      },
      "ShowVerticalGrid": false,
      "ShowHorizontalGrid": true,
      "LineTension": 0.05,
      "GridColor": "rgba(255,255,255,0.5)",
      "GridEdgeColor": "rgba(255,255,255, 0.1)",
      "BorderUseTeamColors": true,
      "BorderOrderColor": "rgb(0,0,0)",
      "BorderChaosColor": "rgb(0,0,0)",
      "FillUseTeamColors": true,
      "FillOrderColor": "rgb(0,0,0)",
      "FillChaosColor": "rgb(0,0,0)",
      "InfoFont": {
        "Style": "Bold",
        "Name": "Montserrat",
        "Size": "UNUSED",
        "Align": "UNUSED",
        "Color": "rgb(0,0,0)"
      },
      "TimeStepSize": 30,
      "ShowTimeStepIndicators": true
    }
  },
  "BaronTimer": {
    "Position": {
      "X": 1800.0,
      "Y": 55.0
    },
    "MaskPosition": {
      "X": 1750.0,
      "Y": 20.0
    },
    "MaskSize": {
      "X": 150.0,
      "Y": 70.0
    },
    "Scale": 0.8,
    "Align": "right",
    "ShowGoldDiff": true,
    "ShowTimer": true,
    "ObjectiveIcon": true,
    "Animate": true,
    "IconPosition": {
      "X": 0.0,
      "Y": 0.0
    },
    "GoldPosition": {
      "X": 25.0,
      "Y": -25.0
    },
    "GoldIconPosition": {
      "X": -7.0,
      "Y": -25.0
    },
    "GoldFont": {
      "Style": "Bold",
      "Name": "News Cycle",
      "Size": "22px",
      "Align": "right",
      "Color": "rgb(230,190,138)"
    },
    "TimePosition": {
      "X": 25.0,
      "Y": 0.0
    },
    "TimeIconPosition": {
      "X": -10.0,
      "Y": 0.0
    },
    "TimeFont": {
      "Style": "Bold",
      "Name": "News Cycle",
      "Size": "22px",
      "Align": "right",
      "Color": "rgb(230,190,138)"
    }
  },
  "ElderTimer": {
    "Position": {
      "X": 120.0,
      "Y": 55.0
    },
    "MaskPosition": {
      "X": 50.0,
      "Y": 20.0
    },
    "MaskSize": {
      "X": 150.0,
      "Y": 70.0
    },
    "Scale": 0.8,
    "Align": "left",
    "ShowGoldDiff": true,
    "ShowTimer": true,
    "ObjectiveIcon": true,
    "Animate": true,
    "IconPosition": {
      "X": 40.0,
      "Y": 0.0
    },
    "GoldPosition": {
      "X": 18.0,
      "Y": -25.0
    },
    "GoldIconPosition": {
      "X": 22.0,
      "Y": -25.0
    },
    "GoldFont": {
      "Style": "Bold",
      "Name": "News Cycle",
      "Size": "22px",
      "Align": "left",
      "Color": "rgb(230,190,138)"
    },
    "TimePosition": {
      "X": 18.0,
      "Y": 0.0
    },
    "TimeIconPosition": {
      "X": 20.0,
      "Y": -2.0
    },
    "TimeFont": {
      "Style": "Bold",
      "Name": "News Cycle",
      "Size": "22px",
      "Align": "left",
      "Color": "rgb(230,190,138)"
    }
  },
  "GoogleFonts": [
    "News Cycle",
    "News Cycle:bold",
    "Montserrat:ExtraBold",
    "Roboto:Black",
    "Droid Sans"
  ],
  "FileVersion": "2.2"
}
[14-15-32] Config Ingame loaded
[14-15-32] Found Component.json. Reading values
[14-15-32] {
  "DataDragon": {
    "MinimumGoldCost": 2000,
    "Region": "euw",
    "Locale": "pt_BR",
    "CDN": "https://ddragon.leagueoflegends.com/cdn",
    "Patch": "latest"
  },
  "PickBan": {
    "IsActive": false,
    "UseDelay": false,
    "DelayValue": 300,
    "DefaultBlueColor": "rgb(38,38,38)",
    "DefaultRedColor": "rgb(242,179,61)"
  },
  "Ingame": {
    "IsActive": true,
    "UseLiveEvents": true,
    "DoLevelUp": true,
    "DoItemCompleted": true,
    "SeriesGameCount": 5,
    "Objectives": {
      "DoBaronKill": false,
      "DoDragonKill": false,
      "DoInhibitors": false,
      "DoObjectiveSpawnPopUp": false,
      "DoObjectiveKillPopUp": false
    },
    "Teams": {
      "DoTeamNames": false,
      "DoTeamIcons": false,
      "DoTeamScores": false
    },
    "UseCustomScoreboard": true
  },
  "Replay": {
    "IsActive": true,
    "UseAutoInitUI": true
  },
  "PostGame": {
    "IsActive": false
  },
  "App": {
    "LogLevel": 3,
    "CheckForUpdates": true,
    "UpdateRepositoryUrl": "https://github.com/floh22/LeagueBroadcast",
    "UpdateRepositoryName": "floh22/LeagueBroadcast",
    "LeagueInstall": [
      "C:\\",
      "D:\\",
      "E:\\",
      "F:\\",
      "C:\\Program Files",
      "C:\\Program Files (x86)"
    ],
    "CheckForOffsets": true,
    "OffsetRepository": "https://raw.githubusercontent.com/floh22/LeagueBroadcast/v2/Offsets/",
    "OffsetPrefix": "Offsets-"
  },
  "FileVersion": "1.3"
}
[14-15-32] Config Component loaded
[14-15-32] Loading config watchers
[14-15-32] Watching PickBan.json for changes
[14-15-32] Watching Component.json for changes
[14-15-32] Watching Ingame.json for changes
[14-15-32] Log Level set to Verbose
[14-15-32] League Broadcast Version 1.4.97
[14-15-32] [Update] Checking for Updates
[14-15-33] [Update] Latest release version v1.4.97 vs. current version 1.4.97
[14-15-33] [Update] Local version up to date
[14-15-33] Using current Version
[14-15-33] Early Init Complete in 2263.8143ms
[14-15-33] DataDragon Provider Init
[14-15-33] Getting latest versions from dataDragon
[14-15-33] Retrieving latest patch info
[14-15-33] Downloading https://ddragon.leagueoflegends.com/realms/euw.json
[14-15-34] https://ddragon.leagueoflegends.com/realms/euw.json downloaded
[14-15-34] Champion: 11.21.1, Item: 11.21.1, CDN: https://ddragon.leagueoflegends.com/cdn
[14-15-34] Downloading https://ddragon.leagueoflegends.com/cdn/11.21.1/data/pt_BR/champion.json
[14-15-35] https://ddragon.leagueoflegends.com/cdn/11.21.1/data/pt_BR/champion.json downloaded
[14-15-35] Loaded 157 champions
[14-15-35] Downloading https://ddragon.leagueoflegends.com/cdn/11.21.1/data/pt_BR/summoner.json
[14-15-35] https://ddragon.leagueoflegends.com/cdn/11.21.1/data/pt_BR/summoner.json downloaded
[14-15-35] Loaded 15 summoner spells
[14-15-35] Downloading https://ddragon.leagueoflegends.com/cdn/11.21.1/data/pt_BR/item.json
[14-15-35] https://ddragon.leagueoflegends.com/cdn/11.21.1/data/pt_BR/item.json downloaded
[14-15-35] Detected 199 items
[14-15-35] Loaded 94 full items
[14-15-35] Checking Local Cache
[14-15-35] Cache D:\DESKTOP\Dev - Predict\CBRLOL - PredictStudio/Cache/11.21.1 exists already
[14-15-35] DDragon loaded
[14-15-35] Loading PickBan Controller
[14-15-35] Loading Ingame Controller
[14-15-35] Checking League install for LiveEventsAPI
[14-15-35] Found League install location
[14-15-35] LiveEvents API found in Game config
[14-15-35] Replay API found in Game config
[14-15-35] Verifying LiveEvents list
[14-15-36] Loading Replay Controller
[14-15-36] Loading Farsight
[14-15-36] Farsight loaded. Found 157 Champ names
[14-15-36] Loading Frontend Webserver (HTTP/WS)
[14-15-36] Server file system starting
[14-15-36] WebServer New State - Loading
[14-15-36] WebServer New State - Listening
[14-15-36] WebServer running on http://*:9001/
[14-15-36] Whats that ticking noise?
[14-15-36] Init Complete in 2.809s
[14-15-36] Opening main window
[14-15-36] Team BOOMSLANG loaded
[14-15-36] Team STORMTIGER loaded
[14-15-36] Connection State Changed
[14-15-36] Loading State Controller
[14-15-36] Connecting to League Client
[14-15-36] Ingame Enabled
[14-15-36] Using direct PickBan
[14-15-36] Starting LeagueBroadcast with tickrate of 2tps
[14-15-36] Checking for running Game
[14-15-36] Post Init Complete in 501.8335ms
[14-15-36] Total Startup time: 5.575s
[14-15-36] Connection State Changed
[14-15-36] Connected to League Client in 197 ms
[14-15-36] Local Client Version 11.21.1
[14-15-36] Loading offsets for current patch
[14-15-36] Found Farsight.json. Reading values
[14-15-36] {
  "GameVersion": "11.21.1",
  "GameOffsets": {
    "Manager": "0x185c01c",
    "MapCount": "0x2c",
    "MapRoot": "0x28",
    "MapNodeNetId": "0x10",
    "MapNodeObject": "0x14"
  },
  "ObjectOffsets": {
    "ID": "0x20",
    "NetworkID": "0xcc",
    "Team": "0x4c",
    "Pos": "0xf0",
    "Mana": "0x2b4",
    "MaxMana": "0x2c4",
    "Health": "0xdb4",
    "MaxHealth": "0xdc4",
    "CurrentGold": "0x1b98",
    "GoldTotal": "0x1ba8",
    "EXP": "0x338c",
    "Name": "0x2be4",
    "ItemList": "0x0",
    "SpellBook": "0x0",
    "ItemListItem": "0x0",
    "ItemInfo": "0x0",
    "ItemInfoId": "0x0"
  },
  "FileVersion": "1.0"
}
[14-15-36] Config Farsight loaded
[14-15-36] Watching Farsight.json for changes
[14-15-36] Using offsets 11.21.1
[14-17-10] New Client u+E4K/SkGUG0uDIbFHDSqQ connected from http://localhost:9001
[14-17-10] New Client Dtwv73DSXEq7kClvXW0zrA connected from http://localhost:9001
[14-17-51] Client u+E4K/SkGUG0uDIbFHDSqQ disconnected
[14-17-51] New Client ZZ9oQjeyYkSL6URKgufMjw connected from http://localhost:9001
[14-19-21] League State: GameStart
[14-19-21] League State: InProgress
[14-19-22] Target process (League of Legends) detected.
[14-19-22] Init Game State
[14-19-22] Game State reset
[14-19-22] Attached to League Process
[14-19-22] Connection State Changed
[14-19-22] game reponse invalid and discarded
[14-19-23] game reponse invalid and discarded
[14-19-23] game reponse invalid and discarded
[14-19-24] game reponse invalid and discarded
[14-19-24] game reponse invalid and discarded
[14-19-25] game reponse invalid and discarded
[14-19-25] game reponse invalid and discarded
[14-19-26] game reponse invalid and discarded
[14-19-26] game reponse invalid and discarded
[14-19-27] game reponse invalid and discarded
[14-19-27] game reponse invalid and discarded
[14-19-28] game reponse invalid and discarded
[14-19-28] game reponse invalid and discarded
[14-19-29] game reponse invalid and discarded
[14-19-29] game reponse invalid and discarded
[14-19-30] game reponse invalid and discarded
[14-19-30] game reponse invalid and discarded
[14-19-31] game reponse invalid and discarded
[14-19-31] game reponse invalid and discarded
[14-19-32] game reponse invalid and discarded
[14-19-32] game reponse invalid and discarded
[14-19-33] game reponse invalid and discarded
[14-19-33] game reponse invalid and discarded
[14-19-34] game reponse invalid and discarded
[14-19-34] game reponse invalid and discarded
[14-19-35] game reponse invalid and discarded
[14-19-35] game reponse invalid and discarded
[14-19-36] game reponse invalid and discarded
[14-19-36] game reponse invalid and discarded
[14-19-37] game reponse invalid and discarded
[14-19-37] game reponse invalid and discarded
[14-19-38] game reponse invalid and discarded
[14-19-38] game reponse invalid and discarded
[14-19-39] game reponse invalid and discarded
[14-19-39] game reponse invalid and discarded
[14-19-40] game reponse invalid and discarded
[14-19-40] game reponse invalid and discarded
[14-19-41] game reponse invalid and discarded
[14-19-41] game reponse invalid and discarded
[14-19-42] game reponse invalid and discarded
[14-19-42] game reponse invalid and discarded
[14-19-43] game reponse invalid and discarded
[14-19-43] game reponse invalid and discarded
[14-19-44] Checking spectate endpoint to determine game type
[14-19-44] Spectate endpoint connection error: The operation was canceled. 
 Attempting again
[14-19-44] Checking spectate endpoint to determine game type
[14-19-44] Found spectate game
[14-19-44] Tick: 420.6409912109375. Update duration: 421.6409912109375
[14-19-44] Game Loaded
[14-19-44] Tick: 0. Update duration: 0
[14-19-44] Game Paused
[14-19-44] Samira Gold: 0/0, Exp:0/1
[14-19-44] Maokai Gold: 0/0, Exp:0/1
[14-19-44] Sylas Gold: 0/0, Exp:0/1
[14-19-44] Nami Gold: 0/0, Exp:0/1
[14-19-44] Hecarim Gold: 0/0, Exp:0/1
[14-19-44] Braum Gold: 0/0, Exp:0/1
[14-19-44] Ivern Gold: 0/0, Exp:0/1
[14-19-44] Lucian Gold: 0/0, Exp:0/1
[14-19-44] Anivia Gold: 0/0, Exp:0/1
[14-19-44] Aatrox Gold: 0/0, Exp:0/1
[14-19-44] LiveEventAPI Connected
[14-19-45] [WARNING] Could not update State:
System.Private.CoreLib -> One or more errors occurred. (A task was canceled.)
 Stacktrace:
   at System.Threading.Tasks.Task`1.GetResultCore(Boolean waitCompletionNotification)
   at LeagueBroadcast.Common.Controllers.IngameController.DoTick() in F:\Repos\LeagueOfLegends\LeagueBroadcast2\LeagueBroadcast\Common\Controllers\IngameController.cs:line 260
[14-19-45] [WARNING] App Crash detected. Writing Crash report to CrashLogs\Crash-2021-10-30-14-19.log
[14-19-45] game reponse invalid and discarded
