[19-38-48] Logging Init
[19-38-48] Starting Config Controller
[19-38-48] Config Provider started
[19-38-48] Looking for config files at /Config
[19-38-48] Init Config Folder
[19-38-48] Init Teams Folder
[19-38-49] Config PickBan not found. Restoring default config
[19-38-49] Writing PickBan config to file
[19-38-49] Updated PickBan config file
[19-38-49] Config Ingame not found. Restoring default config
[19-38-49] Writing Ingame config to file
[19-38-49] Updated Ingame config file
[19-38-49] Config Component not found. Restoring default config
[19-38-49] Writing Component config to file
[19-38-49] Updated Component config file
[19-38-49] Loading config watchers
[19-38-49] Watching PickBan.json for changes
[19-38-49] Watching Component.json for changes
[19-38-49] Watching Ingame.json for changes
[19-38-49] Log Level set to Info
[19-38-49] League Broadcast Version 1.4.97
[19-38-49] [Update] Checking for Updates
[19-38-50] [Update] Latest release version v1.4.97 vs. current version 1.4.97
[19-38-50] [Update] Local version up to date
[19-38-50] Using current Version
[19-38-50] Early Init Complete in 1951.1554ms
[19-38-50] DataDragon Provider Init
[19-38-50] Getting latest versions from dataDragon
[19-38-50] Retrieving latest patch info
[19-38-50] New patch 11.19.1 detected
[19-38-50] Writing PickBan config to file
[19-38-50] Updated PickBan config file
[19-38-50] PickBan.json change detected
[19-38-50] Champion: 11.19.1, Item: 11.19.1, CDN: https://ddragon.leagueoflegends.com/cdn
[19-38-51] Loaded 157 champions
[19-38-52] Loaded 15 summoner spells
[19-38-52] Detected 199 items
[19-38-52] Loaded 94 full items
[19-38-52] Checking Local Cache
[19-38-52] Current Patch cache not detected, removing old Patch data
[19-38-52] Starting download process. This could take a while
[19-38-52] Downloading Item Cache of 94 images
[19-38-52] Downloading Champion Cache of 628 images
[19-38-53] Downloading Summoner Spell Cache of 15 images
[19-38-53] Downloading 0 assets from datadragon!
[19-38-59] DataDragon download finished
[19-38-59] DDragon loaded
[19-38-59] Loading PickBan Controller
[19-38-59] Loading Ingame Controller
[19-38-59] Checking League install for LiveEventsAPI
[19-38-59] Found League install location
[19-38-59] Could not find LiveEvents in game config. Appending to end
[19-38-59] Updated Game Config
[19-38-59] Replay API found in Game config
[19-38-59] Verifying LiveEvents list
[19-38-59] Loading Replay Controller
[19-38-59] Loading Farsight
[19-38-59] Farsight loaded. Found 157 Champ names
[19-38-59] Loading Frontend Webserver (HTTP/WS)
[19-38-59] Server file system starting
[19-38-59] WebServer New State - Loading
[19-38-59] WebServer New State - Listening
[19-38-59] WebServer running on http://*:9001/
[19-38-59] Whats that ticking noise?
[19-38-59] Init Complete in 9.933s
[19-38-59] Opening main window
[19-38-59] Connection State Changed
[19-39-00] Loading State Controller
[19-39-00] Connecting to League Client
[19-39-00] PickBan Enabled
[19-39-00] Ingame Enabled
[19-39-00] Using direct PickBan
[19-39-00] Starting LeagueBroadcast with tickrate of 2tps
[19-39-00] Checking for running Game
[19-39-00] Post Init Complete in 398.3542ms
[19-39-00] Total Startup time: 12.283s
[19-39-00] Connection State Changed
[19-39-00] Connected to League Client in 323 ms
[19-39-00] Local Client Version 11.19.1
[19-39-00] Loading offsets for current patch
[19-39-00] Config Farsight not found. Restoring default config
[19-39-00] Fetching new offsets from https://raw.githubusercontent.com/floh22/LeagueBroadcast/v2/Offsets/Offsets-11.19.1.json
[19-39-01] Received updated offsets
[19-39-01] Offsets found. Updating values for game version 11.19.1
[19-39-01] Writing Farsight config to file
[19-39-01] Updated Farsight config file
[19-39-01] Watching Farsight.json for changes
[19-39-01] Using offsets 11.19.1
[19-39-14] Saving all configs to file
[19-39-14] Writing PickBan config to file
[19-39-14] Updated PickBan config file
[19-39-14] Writing Component config to file
[19-39-14] Updated Component config file
[19-39-14] Writing Farsight config to file
[19-39-14] Updated Farsight config file
[19-39-14] Writing Ingame config to file
[19-39-14] Updated Ingame config file
[19-39-14] Configs saved
